#
# There is insufficient memory for the Java Runtime Environment to continue.
# Native memory allocation (malloc) failed to allocate 65552 bytes for Chunk::new
# Possible reasons:
#   The system is out of physical RAM or swap space
#   In 32 bit mode, the process size limit was hit
# Possible solutions:
#   Reduce memory load on the system
#   Increase physical memory or swap space
#   Check if swap backing store is full
#   Use 64 bit Java on a 64 bit OS
#   Decrease Java heap size (-Xmx/-Xms)
#   Decrease number of Java threads
#   Decrease Java thread stack sizes (-Xss)
#   Set larger code cache with -XX:ReservedCodeCacheSize=
# This output file may be truncated or incomplete.
#
#  Out of Memory Error (allocation.cpp:390), pid=20160, tid=0x0000000000000174
#
# JRE version: OpenJDK Runtime Environment (8.0_152-b06) (build 1.8.0_152-release-1136-b06)
# Java VM: OpenJDK 64-Bit Server VM (25.152-b06 mixed mode windows-amd64 compressed oops)
# Failed to write core dump. Minidumps are not enabled by default on client versions of Windows
#

---------------  T H R E A D  ---------------

Current thread (0x0000000018bac000):  JavaThread "C2 CompilerThread0" daemon [_thread_in_native, id=372, stack(0x000000001a310000,0x000000001a410000)]

Stack: [0x000000001a310000,0x000000001a410000]
[error occurred during error reporting (printing stack bounds), id 0xc0000005]

Native frames: (J=compiled Java code, j=interpreted, Vv=VM code, C=native code)


Current CompileTask:
C2:   2603 1463   !   4       java.net.URLClassLoader$1::run (63 bytes)


---------------  P R O C E S S  ---------------

Java Threads: ( => current thread )
  0x000000001bf50800 JavaThread "Cache worker for file hash cache (E:\Android_Code\HW09\.gradle\4.6\fileHashes)" [_thread_blocked, id=19340, stack(0x000000001e830000,0x000000001e930000)]
  0x000000001bf63800 JavaThread "File lock request listener" [_thread_in_native, id=19620, stack(0x000000001d760000,0x000000001d860000)]
  0x000000001c0b8800 JavaThread "Cache worker for file hash cache (C:\Users\vlsv__000\.gradle\caches\4.6\fileHashes)" [_thread_blocked, id=13128, stack(0x000000001d660000,0x000000001d760000)]
  0x000000001bef4000 JavaThread "Stdin handler" [_thread_blocked, id=16332, stack(0x000000001d360000,0x000000001d460000)]
  0x000000001bef3800 JavaThread "Asynchronous log dispatcher for DefaultDaemonConnection: socket connection from /127.0.0.1:58995 to /127.0.0.1:58996" [_thread_blocked, id=14868, stack(0x000000001d260000,0x000000001d360000)]
  0x000000001bee8000 JavaThread "Daemon worker" [_thread_in_vm, id=2072, stack(0x000000001d160000,0x000000001d260000)]
  0x000000001bebd000 JavaThread "Cancel handler" [_thread_blocked, id=8288, stack(0x000000001d060000,0x000000001d160000)]
  0x000000001be3f800 JavaThread "Handler for socket connection from /127.0.0.1:58995 to /127.0.0.1:58996" [_thread_in_native, id=17904, stack(0x000000001cd60000,0x000000001ce60000)]
  0x000000001be3e800 JavaThread "Daemon" [_thread_blocked, id=1988, stack(0x000000001cc60000,0x000000001cd60000)]
  0x000000001be21000 JavaThread "Daemon periodic checks" [_thread_blocked, id=18288, stack(0x000000001cb60000,0x000000001cc60000)]
  0x000000001be20800 JavaThread "Incoming local TCP Connector on port 58995" [_thread_in_native, id=16364, stack(0x000000001c920000,0x000000001ca20000)]
  0x000000001a640800 JavaThread "Service Thread" daemon [_thread_blocked, id=10408, stack(0x000000001aa10000,0x000000001ab10000)]
  0x0000000018bb2000 JavaThread "C1 CompilerThread2" daemon [_thread_in_native, id=16036, stack(0x000000001a510000,0x000000001a610000)]
  0x0000000018baf800 JavaThread "C2 CompilerThread1" daemon [_thread_in_native, id=8580, stack(0x000000001a410000,0x000000001a510000)]
=>0x0000000018bac000 JavaThread "C2 CompilerThread0" daemon [_thread_in_native, id=372, stack(0x000000001a310000,0x000000001a410000)]
  0x0000000018bb7800 JavaThread "Attach Listener" daemon [_thread_blocked, id=11536, stack(0x000000001a210000,0x000000001a310000)]
  0x0000000018bb6800 JavaThread "Signal Dispatcher" daemon [_thread_blocked, id=15704, stack(0x000000001a110000,0x000000001a210000)]
  0x0000000018b98800 JavaThread "Finalizer" daemon [_thread_blocked, id=13852, stack(0x0000000019e10000,0x0000000019f10000)]
  0x0000000005232800 JavaThread "Reference Handler" daemon [_thread_blocked, id=16452, stack(0x0000000019d10000,0x0000000019e10000)]
  0x000000000382e000 JavaThread "main" [_thread_blocked, id=15252, stack(0x0000000005040000,0x0000000005140000)]

Other Threads:
  0x0000000018b75800 VMThread [stack: 0x0000000019c10000,0x0000000019d10000] [id=15824]
  0x0000000018c0b000 WatcherThread [stack: 0x000000001ab10000,0x000000001ac10000] [id=14492]

VM state:not at safepoint (normal execution)

VM Mutex/Monitor currently owned by a thread: None

Heap:
 PSYoungGen      total 37888K, used 21376K [0x00000000e0000000, 0x00000000e2a00000, 0x0000000100000000)
  eden space 32768K, 49% used [0x00000000e0000000,0x00000000e0fe34c0,0x00000000e2000000)
  from space 5120K, 99% used [0x00000000e2000000,0x00000000e24fce58,0x00000000e2500000)
  to   space 5120K, 0% used [0x00000000e2500000,0x00000000e2500000,0x00000000e2a00000)
 ParOldGen       total 86016K, used 1846K [0x00000000a0000000, 0x00000000a5400000, 0x00000000e0000000)
  object space 86016K, 2% used [0x00000000a0000000,0x00000000a01cda18,0x00000000a5400000)
 Metaspace       used 15630K, capacity 15948K, committed 16256K, reserved 1062912K
  class space    used 2211K, capacity 2350K, committed 2432K, reserved 1048576K

Card table byte_map: [0x0000000014600000,0x0000000014910000] byte_map_base: 0x0000000014100000

Marking Bits: (ParMarkBitMap*) 0x0000000077985aa0
 Begin Bits: [0x0000000014f10000, 0x0000000016710000)
 End Bits:   [0x0000000016710000, 0x0000000017f10000)

Polling page: 0x0000000003770000

CodeCache: size=245760Kb used=5038Kb max_used=5038Kb free=240721Kb
 bounds [0x0000000005240000, 0x0000000005730000, 0x0000000014240000]
 total_blobs=1843 nmethods=1471 adapters=286
 compilation: enabled

Compilation events (10 events):
Event: 2.501 Thread 0x0000000018bb2000 1470       1       sun.misc.ProxyGenerator::access$800 (5 bytes)
Event: 2.501 Thread 0x0000000018bb2000 nmethod 1470 0x0000000005728710 code [0x0000000005728860, 0x0000000005728950]
Event: 2.502 Thread 0x0000000018bb2000 1471       3       java.lang.Class::arrayContentsEq (70 bytes)
Event: 2.503 Thread 0x0000000018bb2000 nmethod 1471 0x000000000572c8d0 code [0x000000000572ca60, 0x000000000572ce90]
Event: 2.504 Thread 0x0000000018bb2000 1472       3       sun.misc.ProxyGenerator::access$700 (7 bytes)
Event: 2.504 Thread 0x0000000018bb2000 nmethod 1472 0x0000000005728290 code [0x0000000005728400, 0x00000000057285e8]
Event: 2.571 Thread 0x0000000018bb2000 1473       3       org.objectweb.asm.ClassWriter::get (49 bytes)
Event: 2.571 Thread 0x0000000018bb2000 nmethod 1473 0x000000000572d010 code [0x000000000572d1a0, 0x000000000572d528]
Event: 2.571 Thread 0x0000000018bb2000 1474       3       org.objectweb.asm.Item::set (219 bytes)
Event: 2.571 Thread 0x0000000018bb2000 nmethod 1474 0x000000000572d6d0 code [0x000000000572d880, 0x000000000572df38]

GC Heap History (6 events):
Event: 0.715 GC heap before
{Heap before GC invocations=1 (full 0):
 PSYoungGen      total 37888K, used 32768K [0x00000000e0000000, 0x00000000e2a00000, 0x0000000100000000)
  eden space 32768K, 100% used [0x00000000e0000000,0x00000000e2000000,0x00000000e2000000)
  from space 5120K, 0% used [0x00000000e2500000,0x00000000e2500000,0x00000000e2a00000)
  to   space 5120K, 0% used [0x00000000e2000000,0x00000000e2000000,0x00000000e2500000)
 ParOldGen       total 86016K, used 0K [0x00000000a0000000, 0x00000000a5400000, 0x00000000e0000000)
  object space 86016K, 0% used [0x00000000a0000000,0x00000000a0000000,0x00000000a5400000)
 Metaspace       used 6946K, capacity 7048K, committed 7168K, reserved 1056768K
  class space    used 845K, capacity 909K, committed 1024K, reserved 1048576K
Event: 0.721 GC heap after
Heap after GC invocations=1 (full 0):
 PSYoungGen      total 37888K, used 4302K [0x00000000e0000000, 0x00000000e2a00000, 0x0000000100000000)
  eden space 32768K, 0% used [0x00000000e0000000,0x00000000e0000000,0x00000000e2000000)
  from space 5120K, 84% used [0x00000000e2000000,0x00000000e2433bb8,0x00000000e2500000)
  to   space 5120K, 0% used [0x00000000e2500000,0x00000000e2500000,0x00000000e2a00000)
 ParOldGen       total 86016K, used 8K [0x00000000a0000000, 0x00000000a5400000, 0x00000000e0000000)
  object space 86016K, 0% used [0x00000000a0000000,0x00000000a0002000,0x00000000a5400000)
 Metaspace       used 6946K, capacity 7048K, committed 7168K, reserved 1056768K
  class space    used 845K, capacity 909K, committed 1024K, reserved 1048576K
}
Event: 1.731 GC heap before
{Heap before GC invocations=2 (full 0):
 PSYoungGen      total 37888K, used 37070K [0x00000000e0000000, 0x00000000e2a00000, 0x0000000100000000)
  eden space 32768K, 100% used [0x00000000e0000000,0x00000000e2000000,0x00000000e2000000)
  from space 5120K, 84% used [0x00000000e2000000,0x00000000e2433bb8,0x00000000e2500000)
  to   space 5120K, 0% used [0x00000000e2500000,0x00000000e2500000,0x00000000e2a00000)
 ParOldGen       total 86016K, used 8K [0x00000000a0000000, 0x00000000a5400000, 0x00000000e0000000)
  object space 86016K, 0% used [0x00000000a0000000,0x00000000a0002000,0x00000000a5400000)
 Metaspace       used 10461K, capacity 10692K, committed 11008K, reserved 1058816K
  class space    used 1367K, capacity 1458K, committed 1536K, reserved 1048576K
Event: 1.738 GC heap after
Heap after GC invocations=2 (full 0):
 PSYoungGen      total 37888K, used 5086K [0x00000000e0000000, 0x00000000e2a00000, 0x0000000100000000)
  eden space 32768K, 0% used [0x00000000e0000000,0x00000000e0000000,0x00000000e2000000)
  from space 5120K, 99% used [0x00000000e2500000,0x00000000e29f7830,0x00000000e2a00000)
  to   space 5120K, 0% used [0x00000000e2000000,0x00000000e2000000,0x00000000e2500000)
 ParOldGen       total 86016K, used 16K [0x00000000a0000000, 0x00000000a5400000, 0x00000000e0000000)
  object space 86016K, 0% used [0x00000000a0000000,0x00000000a0004000,0x00000000a5400000)
 Metaspace       used 10461K, capacity 10692K, committed 11008K, reserved 1058816K
  class space    used 1367K, capacity 1458K, committed 1536K, reserved 1048576K
}
Event: 2.261 GC heap before
{Heap before GC invocations=3 (full 0):
 PSYoungGen      total 37888K, used 37854K [0x00000000e0000000, 0x00000000e2a00000, 0x0000000100000000)
  eden space 32768K, 100% used [0x00000000e0000000,0x00000000e2000000,0x00000000e2000000)
  from space 5120K, 99% used [0x00000000e2500000,0x00000000e29f7830,0x00000000e2a00000)
  to   space 5120K, 0% used [0x00000000e2000000,0x00000000e2000000,0x00000000e2500000)
 ParOldGen       total 86016K, used 16K [0x00000000a0000000, 0x00000000a5400000, 0x00000000e0000000)
  object space 86016K, 0% used [0x00000000a0000000,0x00000000a0004000,0x00000000a5400000)
 Metaspace       used 13911K, capacity 14188K, committed 14464K, reserved 1060864K
  class space    used 1936K, capacity 2062K, committed 2176K, reserved 1048576K
Event: 2.270 GC heap after
Heap after GC invocations=3 (full 0):
 PSYoungGen      total 37888K, used 5107K [0x00000000e0000000, 0x00000000e2a00000, 0x0000000100000000)
  eden space 32768K, 0% used [0x00000000e0000000,0x00000000e0000000,0x00000000e2000000)
  from space 5120K, 99% used [0x00000000e2000000,0x00000000e24fce58,0x00000000e2500000)
  to   space 5120K, 0% used [0x00000000e2500000,0x00000000e2500000,0x00000000e2a00000)
 ParOldGen       total 86016K, used 1846K [0x00000000a0000000, 0x00000000a5400000, 0x00000000e0000000)
  object space 86016K, 2% used [0x00000000a0000000,0x00000000a01cda18,0x00000000a5400000)
 Metaspace       used 13911K, capacity 14188K, committed 14464K, reserved 1060864K
  class space    used 1936K, capacity 2062K, committed 2176K, reserved 1048576K
}

Deoptimization events (10 events):
Event: 1.220 Thread 0x000000000382e000 Uncommon trap: reason=unstable_if action=reinterpret pc=0x00000000054e880c method=java.io.WinNTFileSystem.normalize(Ljava/lang/String;)Ljava/lang/String; @ 128
Event: 1.220 Thread 0x000000000382e000 Uncommon trap: reason=unstable_if action=reinterpret pc=0x00000000055778f0 method=java.io.WinNTFileSystem.normalize(Ljava/lang/String;II)Ljava/lang/String; @ 90
Event: 1.864 Thread 0x000000001be3f800 Uncommon trap: reason=unstable_if action=reinterpret pc=0x0000000005646270 method=java.util.concurrent.ConcurrentHashMap.putVal(Ljava/lang/Object;Ljava/lang/Object;Z)Ljava/lang/Object; @ 206
Event: 1.962 Thread 0x000000001bee8000 Uncommon trap: reason=bimorphic action=maybe_recompile pc=0x00000000055666ac method=java.util.HashMap.putVal(ILjava/lang/Object;Ljava/lang/Object;ZZ)Ljava/lang/Object; @ 253
Event: 1.962 Thread 0x000000001bee8000 Uncommon trap: reason=bimorphic action=maybe_recompile pc=0x00000000055666ac method=java.util.HashMap.putVal(ILjava/lang/Object;Ljava/lang/Object;ZZ)Ljava/lang/Object; @ 253
Event: 1.962 Thread 0x000000001bee8000 Uncommon trap: reason=bimorphic action=maybe_recompile pc=0x00000000055666ac method=java.util.HashMap.putVal(ILjava/lang/Object;Ljava/lang/Object;ZZ)Ljava/lang/Object; @ 253
Event: 2.209 Thread 0x000000001bee8000 Uncommon trap: reason=class_check action=maybe_recompile pc=0x00000000054dee84 method=java.util.regex.Matcher.match(II)Z @ 86
Event: 2.209 Thread 0x000000001bee8000 Uncommon trap: reason=class_check action=maybe_recompile pc=0x00000000054dee84 method=java.util.regex.Matcher.match(II)Z @ 86
Event: 2.279 Thread 0x000000001bee8000 Uncommon trap: reason=class_check action=maybe_recompile pc=0x00000000054baf60 method=java.util.regex.Matcher.match(II)Z @ 86
Event: 2.347 Thread 0x000000001bee8000 Uncommon trap: reason=unstable_if action=reinterpret pc=0x00000000056bbe74 method=java.lang.String.lastIndexOf([CII[CIII)I @ 66

Classes redefined (0 events):
No events

Internal exceptions (10 events):
Event: 1.885 Thread 0x000000001be3f800 Exception <a 'java/lang/NoSuchMethodError': <clinit>> (0x00000000e05716a0) thrown at [D:\src\AOSP-openjdk-cygwin\jdk8u\hotspot\src\share\vm\prims\jni.cpp, line 1613]
Event: 1.885 Thread 0x000000001be3f800 Exception <a 'java/lang/NoSuchMethodError': <clinit>> (0x00000000e057a168) thrown at [D:\src\AOSP-openjdk-cygwin\jdk8u\hotspot\src\share\vm\prims\jni.cpp, line 1613]
Event: 1.887 Thread 0x000000001be3f800 Exception <a 'java/lang/NoSuchMethodError': <clinit>> (0x00000000e058b830) thrown at [D:\src\AOSP-openjdk-cygwin\jdk8u\hotspot\src\share\vm\prims\jni.cpp, line 1613]
Event: 1.904 Thread 0x000000001be3f800 Exception <a 'java/lang/NoSuchMethodError': <clinit>> (0x00000000e0603f58) thrown at [D:\src\AOSP-openjdk-cygwin\jdk8u\hotspot\src\share\vm\prims\jni.cpp, line 1613]
Event: 1.907 Thread 0x000000001be3f800 Exception <a 'java/lang/NoSuchMethodError': <clinit>> (0x00000000e0628d20) thrown at [D:\src\AOSP-openjdk-cygwin\jdk8u\hotspot\src\share\vm\prims\jni.cpp, line 1613]
Event: 1.914 Thread 0x000000001be3f800 Exception <a 'java/lang/NoSuchMethodError': <clinit>> (0x00000000e06435b8) thrown at [D:\src\AOSP-openjdk-cygwin\jdk8u\hotspot\src\share\vm\prims\jni.cpp, line 1613]
Event: 1.915 Thread 0x000000001be3f800 Exception <a 'java/lang/NoSuchMethodError': <clinit>> (0x00000000e064f058) thrown at [D:\src\AOSP-openjdk-cygwin\jdk8u\hotspot\src\share\vm\prims\jni.cpp, line 1613]
Event: 1.920 Thread 0x000000001be3f800 Exception <a 'java/lang/NoSuchMethodError': <clinit>> (0x00000000e06719e0) thrown at [D:\src\AOSP-openjdk-cygwin\jdk8u\hotspot\src\share\vm\prims\jni.cpp, line 1613]
Event: 1.948 Thread 0x000000001bee8000 Exception <a 'java/lang/NoSuchMethodError': <clinit>> (0x00000000e0745b88) thrown at [D:\src\AOSP-openjdk-cygwin\jdk8u\hotspot\src\share\vm\prims\jni.cpp, line 1613]
Event: 1.949 Thread 0x000000001bee8000 Exception <a 'java/lang/NoSuchMethodError': <clinit>> (0x00000000e074de10) thrown at [D:\src\AOSP-openjdk-cygwin\jdk8u\hotspot\src\share\vm\prims\jni.cpp, line 1613]

Events (10 events):
Event: 2.568 loading class org/gradle/api/internal/AsmBackedClassGenerator$ClassBuilderImpl$4
Event: 2.568 loading class org/gradle/api/internal/AsmBackedClassGenerator$ClassBuilderImpl$4 done
Event: 2.569 loading class org/gradle/api/internal/AsmBackedClassGenerator$ClassBuilderImpl$11
Event: 2.569 loading class org/gradle/api/internal/AsmBackedClassGenerator$ClassBuilderImpl$11 done
Event: 2.570 loading class org/gradle/model/internal/asm/AsmClassGeneratorUtils
Event: 2.570 loading class org/gradle/model/internal/asm/AsmClassGeneratorUtils done
Event: 2.571 loading class org/apache/commons/collections/map/AbstractReferenceMap$WeakRef
Event: 2.571 loading class org/apache/commons/collections/map/AbstractReferenceMap$WeakRef done
Event: 2.572 loading class org/gradle/internal/MutableActionSet
Event: 2.572 loading class org/gradle/internal/MutableActionSet done


Dynamic libraries:
0x00007ff784fb0000 - 0x00007ff784fe1000 	C:\Program Files\Android\Android Studio\jre\bin\java.exe
0x00007ffa68900000 - 0x00007ffa68ae0000 	C:\Windows\SYSTEM32\ntdll.dll
0x00007ffa68290000 - 0x00007ffa6833e000 	C:\Windows\System32\KERNEL32.DLL
0x00007ffa65b00000 - 0x00007ffa65d66000 	C:\Windows\System32\KERNELBASE.dll
0x00007ffa66330000 - 0x00007ffa663d1000 	C:\Windows\System32\ADVAPI32.dll
0x00007ffa669c0000 - 0x00007ffa66a5d000 	C:\Windows\System32\msvcrt.dll
0x00007ffa68230000 - 0x00007ffa6828b000 	C:\Windows\System32\sechost.dll
0x00007ffa686e0000 - 0x00007ffa687ff000 	C:\Windows\System32\RPCRT4.dll
0x00007ffa66a60000 - 0x00007ffa66bef000 	C:\Windows\System32\USER32.dll
0x00007ffa64d00000 - 0x00007ffa64d20000 	C:\Windows\System32\win32u.dll
0x00007ffa686b0000 - 0x00007ffa686d8000 	C:\Windows\System32\GDI32.dll
0x00007ffa65910000 - 0x00007ffa65aa3000 	C:\Windows\System32\gdi32full.dll
0x00007ffa65470000 - 0x00007ffa6550b000 	C:\Windows\System32\msvcp_win.dll
0x00007ffa65510000 - 0x00007ffa65605000 	C:\Windows\System32\ucrtbase.dll
0x00007ffa4e1c0000 - 0x00007ffa4e429000 	C:\Windows\WinSxS\amd64_microsoft.windows.common-controls_6595b64144ccf1df_6.0.16299.665_none_15cbd8769361ff10\COMCTL32.dll
0x00007ffa68340000 - 0x00007ffa68647000 	C:\Windows\System32\combase.dll
0x00007ffa656c0000 - 0x00007ffa65732000 	C:\Windows\System32\bcryptPrimitives.dll
0x00007ffa68800000 - 0x00007ffa6882d000 	C:\Windows\System32\IMM32.DLL
0x00000000500a0000 - 0x0000000050172000 	C:\Program Files\Android\Android Studio\jre\jre\bin\msvcr100.dll
0x00000000771c0000 - 0x0000000077a01000 	C:\Program Files\Android\Android Studio\jre\jre\bin\server\jvm.dll
0x00007ffa66730000 - 0x00007ffa66738000 	C:\Windows\System32\PSAPI.DLL
0x00007ffa57760000 - 0x00007ffa5776a000 	C:\Windows\SYSTEM32\VERSION.dll
0x00007ffa61590000 - 0x00007ffa615b3000 	C:\Windows\SYSTEM32\WINMM.dll
0x00007ffa4f130000 - 0x00007ffa4f139000 	C:\Windows\SYSTEM32\WSOCK32.dll
0x00007ffa66220000 - 0x00007ffa6628c000 	C:\Windows\System32\WS2_32.dll
0x00007ffa61d00000 - 0x00007ffa61d2a000 	C:\Windows\SYSTEM32\winmmbase.dll
0x00007ffa65ab0000 - 0x00007ffa65afa000 	C:\Windows\System32\cfgmgr32.dll
0x00007ffa4f120000 - 0x00007ffa4f12f000 	C:\Program Files\Android\Android Studio\jre\jre\bin\verify.dll
0x00007ffa490b0000 - 0x00007ffa490d9000 	C:\Program Files\Android\Android Studio\jre\jre\bin\java.dll
0x00007ffa453c0000 - 0x00007ffa453d6000 	C:\Program Files\Android\Android Studio\jre\jre\bin\zip.dll
0x00007ffa66bf0000 - 0x00007ffa68028000 	C:\Windows\System32\SHELL32.dll
0x00007ffa68030000 - 0x00007ffa680d6000 	C:\Windows\System32\shcore.dll
0x00007ffa64d20000 - 0x00007ffa65467000 	C:\Windows\System32\windows.storage.dll
0x00007ffa663e0000 - 0x00007ffa66431000 	C:\Windows\System32\shlwapi.dll
0x00007ffa64cc0000 - 0x00007ffa64cd1000 	C:\Windows\System32\kernel.appcore.dll
0x00007ffa64c70000 - 0x00007ffa64cbc000 	C:\Windows\System32\powrprof.dll
0x00007ffa64c50000 - 0x00007ffa64c6b000 	C:\Windows\System32\profapi.dll
0x00007ffa44fb0000 - 0x00007ffa44fca000 	C:\Program Files\Android\Android Studio\jre\jre\bin\net.dll
0x00007ffa64480000 - 0x00007ffa644e6000 	C:\Windows\system32\mswsock.dll
0x00007ffa44f90000 - 0x00007ffa44fa1000 	C:\Program Files\Android\Android Studio\jre\jre\bin\nio.dll
0x00007ffa48140000 - 0x00007ffa4815e000 	C:\Users\vlsv__000\.gradle\native\25\windows-amd64\native-platform.dll
0x00007ffa4eaa0000 - 0x00007ffa4eaad000 	C:\Program Files\Android\Android Studio\jre\jre\bin\management.dll
0x00007ffa64650000 - 0x00007ffa64667000 	C:\Windows\SYSTEM32\CRYPTSP.dll
0x00007ffa64080000 - 0x00007ffa640b3000 	C:\Windows\system32\rsaenh.dll
0x00007ffa64750000 - 0x00007ffa64775000 	C:\Windows\SYSTEM32\bcrypt.dll
0x00007ffa64b80000 - 0x00007ffa64ba9000 	C:\Windows\SYSTEM32\USERENV.dll
0x00007ffa64640000 - 0x00007ffa6464b000 	C:\Windows\SYSTEM32\CRYPTBASE.dll
0x00007ffa64210000 - 0x00007ffa64249000 	C:\Windows\SYSTEM32\IPHLPAPI.DLL
0x00007ffa68830000 - 0x00007ffa68838000 	C:\Windows\System32\NSI.dll
0x00007ffa5ed80000 - 0x00007ffa5ed96000 	C:\Windows\SYSTEM32\dhcpcsvc6.DLL
0x00007ffa5ed60000 - 0x00007ffa5ed7a000 	C:\Windows\SYSTEM32\dhcpcsvc.DLL

VM Arguments:
jvm_args: -Xmx1536m -Dfile.encoding=windows-1251 -Duser.country=RU -Duser.language=ru -Duser.variant 
java_command: org.gradle.launcher.daemon.bootstrap.GradleDaemon 4.6
java_class_path (initial): C:\Users\vlsv__000\.gradle\wrapper\dists\gradle-4.6-all\bcst21l2brirad8k2ben1letg\gradle-4.6\lib\gradle-launcher-4.6.jar
Launcher Type: SUN_STANDARD

Environment Variables:
PATH=C:\ProgramData\Oracle\Java\javapath;C:\Program Files (x86)\NVIDIA Corporation\PhysX\Common;C:\Program Files (x86)\Intel\iCLS Client\;C:\Program Files\Intel\iCLS Client\;C:\Windows\system32;C:\Windows;C:\Windows\System32\Wbem;C:\Windows\System32\WindowsPowerShell\v1.0\;C:\Program Files\Intel\Intel(R) Management Engine Components\DAL;C:\Program Files\Intel\Intel(R) Management Engine Components\IPT;C:\Program Files (x86)\Intel\Intel(R) Management Engine Components\DAL;C:\Program Files (x86)\Intel\Intel(R) Management Engine Components\IPT;C:\Program Files (x86)\Common Files\lenovo\easyplussdk\bin;C:\Program Files (x86)\OneScript\\bin;C:\Program Files (x86)\LM4\;C:\Program Files\LM4\;C:\Users\vlsv__000\AppData\Local\Microsoft\WindowsApps;C:\Users\vlsv__000\AppData\Local\Programs\Git\cmd
USERNAME=vlsv__000
OS=Windows_NT
PROCESSOR_IDENTIFIER=Intel64 Family 6 Model 60 Stepping 3, GenuineIntel



---------------  S Y S T E M  ---------------

OS: Windows 10.0 , 64 bit Build 16299 (10.0.16299.431)

CPU:total 4 (initial active 4) (2 cores per cpu, 2 threads per core) family 6 model 60 stepping 3, cmov, cx8, fxsr, mmx, sse, sse2, sse3, ssse3, sse4.1, sse4.2, popcnt, avx, avx2, aes, clmul, erms, lzcnt, ht, tsc, tscinvbit, bmi1, bmi2

Memory: 4k page, physical 8257456k(450980k free), swap 12353456k(3500k free)

vm_info: OpenJDK 64-Bit Server VM (25.152-b06) for windows-amd64 JRE (1.8.0_152-release-1136-b06), built by "builder" with MS VC++ 10.0 (VS2010)

time: Sat Dec 29 15:04:44 2018
elapsed time: 2 seconds (0d 0h 0m 2s)

