#
# There is insufficient memory for the Java Runtime Environment to continue.
# Native memory allocation (malloc) failed to allocate 32744 bytes for ChunkPool::allocate
# Possible reasons:
#   The system is out of physical RAM or swap space
#   In 32 bit mode, the process size limit was hit
# Possible solutions:
#   Reduce memory load on the system
#   Increase physical memory or swap space
#   Check if swap backing store is full
#   Use 64 bit Java on a 64 bit OS
#   Decrease Java heap size (-Xmx/-Xms)
#   Decrease number of Java threads
#   Decrease Java thread stack sizes (-Xss)
#   Set larger code cache with -XX:ReservedCodeCacheSize=
# This output file may be truncated or incomplete.
#
#  Out of Memory Error (allocation.cpp:273), pid=7228, tid=0x00000000000019f0
#
# JRE version: OpenJDK Runtime Environment (8.0_152-b06) (build 1.8.0_152-release-1136-b06)
# Java VM: OpenJDK 64-Bit Server VM (25.152-b06 mixed mode windows-amd64 compressed oops)
# Failed to write core dump. Minidumps are not enabled by default on client versions of Windows
#

---------------  T H R E A D  ---------------

Current thread (0x00000000184bc000):  JavaThread "C2 CompilerThread0" daemon [_thread_in_native, id=6640, stack(0x0000000019c30000,0x0000000019d30000)]

Stack: [0x0000000019c30000,0x0000000019d30000]
[error occurred during error reporting (printing stack bounds), id 0xc0000005]

Native frames: (J=compiled Java code, j=interpreted, Vv=VM code, C=native code)


Current CompileTask:
C2:   5024 1718       4       java.net.URLClassLoader$1::run (5 bytes)


---------------  P R O C E S S  ---------------

Java Threads: ( => current thread )
  0x000000001a823000 JavaThread "RMI RenewClean-[127.0.0.1:58995,org.jetbrains.kotlin.daemon.common.LoopbackNetworkInterface$ClientLoopbackSocketFactory@2cbe60c1]" daemon [_thread_blocked, id=11368, stack(0x000000001bbb0000,0x000000001bcb0000)]
  0x000000001a7c2000 JavaThread "RMI TCP Connection(2)-127.0.0.1" daemon [_thread_in_native, id=296, stack(0x000000001bab0000,0x000000001bbb0000)]
  0x000000001a7bf800 JavaThread "RMI Scheduler(0)" daemon [_thread_blocked, id=17980, stack(0x000000001b9b0000,0x000000001bab0000)]
  0x000000001a64f800 JavaThread "RMI TCP Connection(1)-127.0.0.1" daemon [_thread_in_native, id=13332, stack(0x000000001b8b0000,0x000000001b9b0000)]
  0x0000000004a52800 JavaThread "DestroyJavaVM" [_thread_blocked, id=18104, stack(0x0000000004930000,0x0000000004a30000)]
  0x000000001a780000 JavaThread "GC Daemon" daemon [_thread_blocked, id=13928, stack(0x000000001b470000,0x000000001b570000)]
  0x000000001a77b000 JavaThread "RMI Reaper" [_thread_blocked, id=17836, stack(0x000000001b370000,0x000000001b470000)]
  0x000000001a64e000 JavaThread "Timer-0" daemon [_thread_blocked, id=12272, stack(0x000000001b170000,0x000000001b270000)]
  0x000000001a600800 JavaThread "RMI TCP Accept-17264" daemon [_thread_in_native, id=9932, stack(0x000000001b070000,0x000000001b170000)]
  0x0000000019f58800 JavaThread "Service Thread" daemon [_thread_blocked, id=8272, stack(0x000000001a330000,0x000000001a430000)]
  0x00000000184c8800 JavaThread "C1 CompilerThread2" daemon [_thread_blocked, id=13912, stack(0x0000000019e30000,0x0000000019f30000)]
  0x00000000184c0800 JavaThread "C2 CompilerThread1" daemon [_thread_in_native, id=12004, stack(0x0000000019d30000,0x0000000019e30000)]
=>0x00000000184bc000 JavaThread "C2 CompilerThread0" daemon [_thread_in_native, id=6640, stack(0x0000000019c30000,0x0000000019d30000)]
  0x00000000184bb000 JavaThread "Attach Listener" daemon [_thread_blocked, id=17576, stack(0x0000000019b30000,0x0000000019c30000)]
  0x00000000184c6800 JavaThread "Signal Dispatcher" daemon [_thread_blocked, id=14704, stack(0x0000000019a30000,0x0000000019b30000)]
  0x00000000184a8800 JavaThread "Finalizer" daemon [_thread_blocked, id=15224, stack(0x0000000019730000,0x0000000019830000)]
  0x0000000004b42800 JavaThread "Reference Handler" daemon [_thread_blocked, id=4656, stack(0x0000000019630000,0x0000000019730000)]

Other Threads:
  0x0000000018485800 VMThread [stack: 0x0000000019530000,0x0000000019630000] [id=9108]
  0x0000000019f63000 WatcherThread [stack: 0x000000001a430000,0x000000001a530000] [id=7024]

VM state:not at safepoint (normal execution)

VM Mutex/Monitor currently owned by a thread: None

Heap:
 PSYoungGen      total 37888K, used 10103K [0x00000000e0000000, 0x00000000e2a00000, 0x0000000100000000)
  eden space 32768K, 15% used [0x00000000e0000000,0x00000000e04dde88,0x00000000e2000000)
  from space 5120K, 99% used [0x00000000e2500000,0x00000000e29ffeb0,0x00000000e2a00000)
  to   space 5120K, 0% used [0x00000000e2000000,0x00000000e2000000,0x00000000e2500000)
 ParOldGen       total 66048K, used 13902K [0x00000000a0000000, 0x00000000a4080000, 0x00000000e0000000)
  object space 66048K, 21% used [0x00000000a0000000,0x00000000a0d93850,0x00000000a4080000)
 Metaspace       used 26299K, capacity 26848K, committed 27184K, reserved 1073152K
  class space    used 3353K, capacity 3540K, committed 3632K, reserved 1048576K

Card table byte_map: [0x0000000013f10000,0x0000000014220000] byte_map_base: 0x0000000013a10000

Marking Bits: (ParMarkBitMap*) 0x0000000053925aa0
 Begin Bits: [0x0000000014820000, 0x0000000016020000)
 End Bits:   [0x0000000016020000, 0x0000000017820000)

Polling page: 0x0000000003000000

CodeCache: size=245760Kb used=5764Kb max_used=5777Kb free=239995Kb
 bounds [0x0000000004b50000, 0x0000000005100000, 0x0000000013b50000]
 total_blobs=2365 nmethods=1915 adapters=363
 compilation: enabled

Compilation events (10 events):
Event: 4.976 Thread 0x00000000184c0800 nmethod 1882 0x00000000050efed0 code [0x00000000050f0000, 0x00000000050f00b8]
Event: 4.976 Thread 0x00000000184c0800 1883       4       org.jetbrains.kotlin.com.intellij.openapi.vfs.impl.ZipEntryMap::put (13 bytes)
Event: 4.977 Thread 0x00000000184c0800 nmethod 1883 0x00000000050ef9d0 code [0x00000000050efb40, 0x00000000050efcb8]
Event: 4.977 Thread 0x00000000184c0800 1884       4       org.jetbrains.kotlin.com.intellij.openapi.vfs.impl.ZipEntryMap::put (48 bytes)
Event: 4.978 Thread 0x00000000184c0800 nmethod 1884 0x00000000050ef650 code [0x00000000050ef7a0, 0x00000000050ef8b8]
Event: 4.978 Thread 0x00000000184c0800 1885       4       org.jetbrains.kotlin.com.intellij.openapi.vfs.impl.ArchiveHandler::splitPath (65 bytes)
Event: 4.982 Thread 0x00000000184c8800 1919       1       org.jetbrains.kotlin.com.intellij.psi.tree.IElementType::getIndex (5 bytes)
Event: 4.982 Thread 0x00000000184c8800 nmethod 1919 0x00000000050f7450 code [0x00000000050f75a0, 0x00000000050f76b0]
Event: 4.993 Thread 0x00000000184c0800 nmethod 1885 0x00000000050f7710 code [0x00000000050f78a0, 0x00000000050f81b8]
Event: 4.993 Thread 0x00000000184c0800 1886       4       org.jetbrains.kotlin.com.intellij.openapi.vfs.impl.ZipHandlerBase::getOrCreate (217 bytes)

GC Heap History (10 events):
Event: 0.458 GC heap before
{Heap before GC invocations=2 (full 1):
 PSYoungGen      total 37888K, used 2871K [0x00000000e0000000, 0x00000000e2a00000, 0x0000000100000000)
  eden space 32768K, 0% used [0x00000000e0000000,0x00000000e0000000,0x00000000e2000000)
  from space 5120K, 56% used [0x00000000e2000000,0x00000000e22cdc58,0x00000000e2500000)
  to   space 5120K, 0% used [0x00000000e2500000,0x00000000e2500000,0x00000000e2a00000)
 ParOldGen       total 86016K, used 8K [0x00000000a0000000, 0x00000000a5400000, 0x00000000e0000000)
  object space 86016K, 0% used [0x00000000a0000000,0x00000000a0002000,0x00000000a5400000)
 Metaspace       used 9000K, capacity 9174K, committed 9216K, reserved 1056768K
  class space    used 959K, capacity 1023K, committed 1024K, reserved 1048576K
Event: 0.468 GC heap after
Heap after GC invocations=2 (full 1):
 PSYoungGen      total 37888K, used 0K [0x00000000e0000000, 0x00000000e2a00000, 0x0000000100000000)
  eden space 32768K, 0% used [0x00000000e0000000,0x00000000e0000000,0x00000000e2000000)
  from space 5120K, 0% used [0x00000000e2000000,0x00000000e2000000,0x00000000e2500000)
  to   space 5120K, 0% used [0x00000000e2500000,0x00000000e2500000,0x00000000e2a00000)
 ParOldGen       total 86016K, used 2694K [0x00000000a0000000, 0x00000000a5400000, 0x00000000e0000000)
  object space 86016K, 3% used [0x00000000a0000000,0x00000000a02a1988,0x00000000a5400000)
 Metaspace       used 9000K, capacity 9174K, committed 9216K, reserved 1056768K
  class space    used 959K, capacity 1023K, committed 1024K, reserved 1048576K
}
Event: 3.927 GC heap before
{Heap before GC invocations=3 (full 1):
 PSYoungGen      total 37888K, used 32768K [0x00000000e0000000, 0x00000000e2a00000, 0x0000000100000000)
  eden space 32768K, 100% used [0x00000000e0000000,0x00000000e2000000,0x00000000e2000000)
  from space 5120K, 0% used [0x00000000e2000000,0x00000000e2000000,0x00000000e2500000)
  to   space 5120K, 0% used [0x00000000e2500000,0x00000000e2500000,0x00000000e2a00000)
 ParOldGen       total 86016K, used 2694K [0x00000000a0000000, 0x00000000a5400000, 0x00000000e0000000)
  object space 86016K, 3% used [0x00000000a0000000,0x00000000a02a1988,0x00000000a5400000)
 Metaspace       used 14060K, capacity 14290K, committed 14592K, reserved 1062912K
  class space    used 1619K, capacity 1697K, committed 1792K, reserved 1048576K
Event: 3.933 GC heap after
Heap after GC invocations=3 (full 1):
 PSYoungGen      total 37888K, used 5098K [0x00000000e0000000, 0x00000000e2a00000, 0x0000000100000000)
  eden space 32768K, 0% used [0x00000000e0000000,0x00000000e0000000,0x00000000e2000000)
  from space 5120K, 99% used [0x00000000e2500000,0x00000000e29faa88,0x00000000e2a00000)
  to   space 5120K, 0% used [0x00000000e2000000,0x00000000e2000000,0x00000000e2500000)
 ParOldGen       total 86016K, used 4935K [0x00000000a0000000, 0x00000000a5400000, 0x00000000e0000000)
  object space 86016K, 5% used [0x00000000a0000000,0x00000000a04d1f70,0x00000000a5400000)
 Metaspace       used 14060K, capacity 14290K, committed 14592K, reserved 1062912K
  class space    used 1619K, capacity 1697K, committed 1792K, reserved 1048576K
}
Event: 4.468 GC heap before
{Heap before GC invocations=4 (full 1):
 PSYoungGen      total 37888K, used 37673K [0x00000000e0000000, 0x00000000e2a00000, 0x0000000100000000)
  eden space 32768K, 99% used [0x00000000e0000000,0x00000000e1fcfcb0,0x00000000e2000000)
  from space 5120K, 99% used [0x00000000e2500000,0x00000000e29faa88,0x00000000e2a00000)
  to   space 5120K, 0% used [0x00000000e2000000,0x00000000e2000000,0x00000000e2500000)
 ParOldGen       total 86016K, used 4935K [0x00000000a0000000, 0x00000000a5400000, 0x00000000e0000000)
  object space 86016K, 5% used [0x00000000a0000000,0x00000000a04d1f70,0x00000000a5400000)
 Metaspace       used 20782K, capacity 21134K, committed 21296K, reserved 1069056K
  class space    used 2485K, capacity 2577K, committed 2608K, reserved 1048576K
Event: 4.478 GC heap after
Heap after GC invocations=4 (full 1):
 PSYoungGen      total 37888K, used 5095K [0x00000000e0000000, 0x00000000e2a00000, 0x0000000100000000)
  eden space 32768K, 0% used [0x00000000e0000000,0x00000000e0000000,0x00000000e2000000)
  from space 5120K, 99% used [0x00000000e2000000,0x00000000e24f9f70,0x00000000e2500000)
  to   space 5120K, 0% used [0x00000000e2500000,0x00000000e2500000,0x00000000e2a00000)
 ParOldGen       total 86016K, used 10248K [0x00000000a0000000, 0x00000000a5400000, 0x00000000e0000000)
  object space 86016K, 11% used [0x00000000a0000000,0x00000000a0a021b0,0x00000000a5400000)
 Metaspace       used 20782K, capacity 21134K, committed 21296K, reserved 1069056K
  class space    used 2485K, capacity 2577K, committed 2608K, reserved 1048576K
}
Event: 4.478 GC heap before
{Heap before GC invocations=5 (full 2):
 PSYoungGen      total 37888K, used 5095K [0x00000000e0000000, 0x00000000e2a00000, 0x0000000100000000)
  eden space 32768K, 0% used [0x00000000e0000000,0x00000000e0000000,0x00000000e2000000)
  from space 5120K, 99% used [0x00000000e2000000,0x00000000e24f9f70,0x00000000e2500000)
  to   space 5120K, 0% used [0x00000000e2500000,0x00000000e2500000,0x00000000e2a00000)
 ParOldGen       total 86016K, used 10248K [0x00000000a0000000, 0x00000000a5400000, 0x00000000e0000000)
  object space 86016K, 11% used [0x00000000a0000000,0x00000000a0a021b0,0x00000000a5400000)
 Metaspace       used 20782K, capacity 21134K, committed 21296K, reserved 1069056K
  class space    used 2485K, capacity 2577K, committed 2608K, reserved 1048576K
Event: 4.514 GC heap after
Heap after GC invocations=5 (full 2):
 PSYoungGen      total 37888K, used 0K [0x00000000e0000000, 0x00000000e2a00000, 0x0000000100000000)
  eden space 32768K, 0% used [0x00000000e0000000,0x00000000e0000000,0x00000000e2000000)
  from space 5120K, 0% used [0x00000000e2000000,0x00000000e2000000,0x00000000e2500000)
  to   space 5120K, 0% used [0x00000000e2500000,0x00000000e2500000,0x00000000e2a00000)
 ParOldGen       total 66048K, used 11393K [0x00000000a0000000, 0x00000000a4080000, 0x00000000e0000000)
  object space 66048K, 17% used [0x00000000a0000000,0x00000000a0b20428,0x00000000a4080000)
 Metaspace       used 20782K, capacity 21134K, committed 21296K, reserved 1069056K
  class space    used 2485K, capacity 2577K, committed 2608K, reserved 1048576K
}
Event: 4.931 GC heap before
{Heap before GC invocations=6 (full 2):
 PSYoungGen      total 37888K, used 32768K [0x00000000e0000000, 0x00000000e2a00000, 0x0000000100000000)
  eden space 32768K, 100% used [0x00000000e0000000,0x00000000e2000000,0x00000000e2000000)
  from space 5120K, 0% used [0x00000000e2000000,0x00000000e2000000,0x00000000e2500000)
  to   space 5120K, 0% used [0x00000000e2500000,0x00000000e2500000,0x00000000e2a00000)
 ParOldGen       total 66048K, used 11393K [0x00000000a0000000, 0x00000000a4080000, 0x00000000e0000000)
  object space 66048K, 17% used [0x00000000a0000000,0x00000000a0b20428,0x00000000a4080000)
 Metaspace       used 25624K, capacity 26174K, committed 26544K, reserved 1073152K
  class space    used 3261K, capacity 3443K, committed 3504K, reserved 1048576K
Event: 4.940 GC heap after
Heap after GC invocations=6 (full 2):
 PSYoungGen      total 37888K, used 5119K [0x00000000e0000000, 0x00000000e2a00000, 0x0000000100000000)
  eden space 32768K, 0% used [0x00000000e0000000,0x00000000e0000000,0x00000000e2000000)
  from space 5120K, 99% used [0x00000000e2500000,0x00000000e29ffeb0,0x00000000e2a00000)
  to   space 5120K, 0% used [0x00000000e2000000,0x00000000e2000000,0x00000000e2500000)
 ParOldGen       total 66048K, used 13902K [0x00000000a0000000, 0x00000000a4080000, 0x00000000e0000000)
  object space 66048K, 21% used [0x00000000a0000000,0x00000000a0d93850,0x00000000a4080000)
 Metaspace       used 25624K, capacity 26174K, committed 26544K, reserved 1073152K
  class space    used 3261K, capacity 3443K, committed 3504K, reserved 1048576K
}

Deoptimization events (10 events):
Event: 4.724 Thread 0x000000001a7c2000 Uncommon trap: reason=class_check action=maybe_recompile pc=0x0000000004f55fac method=java.util.Collections$UnmodifiableList.get(I)Ljava/lang/Object; @ 5
Event: 4.727 Thread 0x000000001a7c2000 Uncommon trap: reason=bimorphic action=maybe_recompile pc=0x0000000004dabee8 method=java.io.FilterInputStream.read([B)I @ 5
Event: 4.728 Thread 0x000000001a7c2000 Uncommon trap: reason=bimorphic action=maybe_recompile pc=0x0000000004dabee8 method=java.io.FilterInputStream.read([B)I @ 5
Event: 4.728 Thread 0x000000001a7c2000 Uncommon trap: reason=bimorphic action=maybe_recompile pc=0x0000000004dabee8 method=java.io.FilterInputStream.read([B)I @ 5
Event: 4.728 Thread 0x000000001a7c2000 Uncommon trap: reason=class_check action=maybe_recompile pc=0x0000000004f46fc0 method=java.util.Collections$UnmodifiableCollection.size()I @ 4
Event: 4.728 Thread 0x000000001a7c2000 Uncommon trap: reason=class_check action=maybe_recompile pc=0x0000000004f55fac method=java.util.Collections$UnmodifiableList.get(I)Ljava/lang/Object; @ 5
Event: 4.728 Thread 0x000000001a7c2000 Uncommon trap: reason=class_check action=maybe_recompile pc=0x0000000004f55fac method=java.util.Collections$UnmodifiableList.get(I)Ljava/lang/Object; @ 5
Event: 4.729 Thread 0x000000001a7c2000 Uncommon trap: reason=unstable_if action=reinterpret pc=0x0000000004cd7d08 method=java.lang.String.startsWith(Ljava/lang/String;I)Z @ 25
Event: 4.823 Thread 0x000000001a7c2000 Uncommon trap: reason=unstable_if action=reinterpret pc=0x00000000050905f4 method=java.lang.ref.SoftReference.get()Ljava/lang/Object; @ 6
Event: 4.954 Thread 0x000000001a7c2000 Uncommon trap: reason=bimorphic action=maybe_recompile pc=0x0000000004dabee8 method=java.io.FilterInputStream.read([B)I @ 5

Classes redefined (0 events):
No events

Internal exceptions (10 events):
Event: 3.542 Thread 0x000000001a7c2000 Exception <a 'java/lang/NoSuchMethodError': <clinit>> (0x00000000e0526ba8) thrown at [D:\src\AOSP-openjdk-cygwin\jdk8u\hotspot\src\share\vm\prims\jni.cpp, line 1613]
Event: 3.571 Thread 0x000000001a7c2000 Exception <a 'java/lang/NoSuchMethodError': <clinit>> (0x00000000e06d90c8) thrown at [D:\src\AOSP-openjdk-cygwin\jdk8u\hotspot\src\share\vm\prims\jni.cpp, line 1613]
Event: 3.574 Thread 0x000000001a823000 Exception <a 'java/lang/InterruptedException'> (0x00000000e06fb058) thrown at [D:\src\AOSP-openjdk-cygwin\jdk8u\hotspot\src\share\vm\runtime\objectMonitor.cpp, line 1684]
Event: 3.856 Thread 0x000000001a7c2000 Exception <a 'java/lang/ArrayIndexOutOfBoundsException'> (0x00000000e1b25188) thrown at [D:\src\AOSP-openjdk-cygwin\jdk8u\hotspot\src\share\vm\runtime\sharedRuntime.cpp, line 605]
Event: 3.964 Thread 0x000000001a7c2000 Exception <a 'java/lang/ArrayIndexOutOfBoundsException'> (0x00000000e01409e8) thrown at [D:\src\AOSP-openjdk-cygwin\jdk8u\hotspot\src\share\vm\runtime\sharedRuntime.cpp, line 605]
Event: 4.378 Thread 0x000000001a7c2000 Implicit null exception at 0x0000000004ecdb2f to 0x0000000004ecdb99
Event: 4.428 Thread 0x000000001a7c2000 Exception <a 'java/lang/NoSuchMethodError': java.lang.Object.lambda$comparing$77a9974f$1(Ljava/util/function/Function;Ljava/lang/Object;Ljava/lang/Object;)I> (0x00000000e1ca20b0) thrown at [D:\src\AOSP-openjdk-cygwin\jdk8u\hotspot\src\share\vm\interpreter
Event: 4.561 Thread 0x000000001a7c2000 Exception <a 'java/lang/ArrayIndexOutOfBoundsException': 67> (0x00000000e02b81c0) thrown at [D:\src\AOSP-openjdk-cygwin\jdk8u\hotspot\src\share\vm\interpreter\interpreterRuntime.cpp, line 366]
Event: 4.679 Thread 0x000000001a7c2000 Exception <a 'java/lang/NoSuchMethodError': java.lang.Object.lambda$static$0(I)[Lorg/jetbrains/kotlin/com/intellij/openapi/editor/event/DocumentListener;> (0x00000000e0b149e8) thrown at [D:\src\AOSP-openjdk-cygwin\jdk8u\hotspot\src\share\vm\interpreter\li
Event: 4.714 Thread 0x000000001a7c2000 Exception <a 'java/lang/NoSuchMethodError': java.lang.Object.lambda$static$0(I)[Lorg/jetbrains/kotlin/com/intellij/psi/PsiAnnotation;> (0x00000000e0cfa168) thrown at [D:\src\AOSP-openjdk-cygwin\jdk8u\hotspot\src\share\vm\interpreter\linkResolver.cpp, line

Events (10 events):
Event: 5.020 loading class org/jetbrains/kotlin/descriptors/CallableDescriptor
Event: 5.020 loading class org/jetbrains/kotlin/descriptors/CallableDescriptor done
Event: 5.020 loading class org/jetbrains/kotlin/descriptors/Substitutable
Event: 5.020 loading class org/jetbrains/kotlin/descriptors/Substitutable done
Event: 5.021 loading class org/jetbrains/kotlin/descriptors/MemberDescriptor
Event: 5.021 loading class org/jetbrains/kotlin/descriptors/MemberDescriptor done
Event: 5.021 loading class org/jetbrains/kotlin/descriptors/FunctionDescriptor
Event: 5.021 loading class org/jetbrains/kotlin/descriptors/FunctionDescriptor done
Event: 5.022 loading class org/jetbrains/kotlin/builtins/KotlinBuiltIns$FqNames
Event: 5.022 loading class org/jetbrains/kotlin/builtins/KotlinBuiltIns$FqNames done


Dynamic libraries:
0x00007ff6f4860000 - 0x00007ff6f4891000 	C:\Program Files\Android\Android Studio\jre\jre\bin\java.exe
0x00007ff9fe190000 - 0x00007ff9fe370000 	C:\Windows\SYSTEM32\ntdll.dll
0x00007ff9fda70000 - 0x00007ff9fdb1e000 	C:\Windows\System32\KERNEL32.DLL
0x00007ff9fa590000 - 0x00007ff9fa7f6000 	C:\Windows\System32\KERNELBASE.dll
0x00007ff9fbca0000 - 0x00007ff9fbd41000 	C:\Windows\System32\ADVAPI32.dll
0x00007ff9fc110000 - 0x00007ff9fc1ad000 	C:\Windows\System32\msvcrt.dll
0x00007ff9fdf70000 - 0x00007ff9fdfcb000 	C:\Windows\System32\sechost.dll
0x00007ff9fbad0000 - 0x00007ff9fbbef000 	C:\Windows\System32\RPCRT4.dll
0x00007ff9fbdb0000 - 0x00007ff9fbf3f000 	C:\Windows\System32\USER32.dll
0x00007ff9fab20000 - 0x00007ff9fab40000 	C:\Windows\System32\win32u.dll
0x00007ff9fd8e0000 - 0x00007ff9fd908000 	C:\Windows\System32\GDI32.dll
0x00007ff9fab40000 - 0x00007ff9facd3000 	C:\Windows\System32\gdi32full.dll
0x00007ff9fb430000 - 0x00007ff9fb4cb000 	C:\Windows\System32\msvcp_win.dll
0x00007ff9fa9d0000 - 0x00007ff9faac5000 	C:\Windows\System32\ucrtbase.dll
0x00007ff9eb480000 - 0x00007ff9eb6e9000 	C:\Windows\WinSxS\amd64_microsoft.windows.common-controls_6595b64144ccf1df_6.0.16299.665_none_15cbd8769361ff10\COMCTL32.dll
0x00007ff9fb790000 - 0x00007ff9fba97000 	C:\Windows\System32\combase.dll
0x00007ff9fb530000 - 0x00007ff9fb5a2000 	C:\Windows\System32\bcryptPrimitives.dll
0x00007ff9fbaa0000 - 0x00007ff9fbacd000 	C:\Windows\System32\IMM32.DLL
0x0000000053080000 - 0x0000000053152000 	C:\Program Files\Android\Android Studio\jre\jre\bin\msvcr100.dll
0x0000000053160000 - 0x00000000539a1000 	C:\Program Files\Android\Android Studio\jre\jre\bin\server\jvm.dll
0x00007ff9fb780000 - 0x00007ff9fb788000 	C:\Windows\System32\PSAPI.DLL
0x00007ff9f70f0000 - 0x00007ff9f7113000 	C:\Windows\SYSTEM32\WINMM.dll
0x00007ff9f2300000 - 0x00007ff9f230a000 	C:\Windows\SYSTEM32\VERSION.dll
0x00007ff9f7140000 - 0x00007ff9f7149000 	C:\Windows\SYSTEM32\WSOCK32.dll
0x00007ff9fd9e0000 - 0x00007ff9fda4c000 	C:\Windows\System32\WS2_32.dll
0x00007ff9f7090000 - 0x00007ff9f70ba000 	C:\Windows\SYSTEM32\winmmbase.dll
0x00007ff9faad0000 - 0x00007ff9fab1a000 	C:\Windows\System32\cfgmgr32.dll
0x00007ff9ed700000 - 0x00007ff9ed70f000 	C:\Program Files\Android\Android Studio\jre\jre\bin\verify.dll
0x00007ff9ec330000 - 0x00007ff9ec359000 	C:\Program Files\Android\Android Studio\jre\jre\bin\java.dll
0x00007ff9ec400000 - 0x00007ff9ec416000 	C:\Program Files\Android\Android Studio\jre\jre\bin\zip.dll
0x00007ff9fc1b0000 - 0x00007ff9fd5e8000 	C:\Windows\System32\SHELL32.dll
0x00007ff9fbbf0000 - 0x00007ff9fbc96000 	C:\Windows\System32\shcore.dll
0x00007ff9face0000 - 0x00007ff9fb427000 	C:\Windows\System32\windows.storage.dll
0x00007ff9fbf40000 - 0x00007ff9fbf91000 	C:\Windows\System32\shlwapi.dll
0x00007ff9fa4e0000 - 0x00007ff9fa4f1000 	C:\Windows\System32\kernel.appcore.dll
0x00007ff9fa540000 - 0x00007ff9fa58c000 	C:\Windows\System32\powrprof.dll
0x00007ff9fa500000 - 0x00007ff9fa51b000 	C:\Windows\System32\profapi.dll
0x00007ff9ed710000 - 0x00007ff9ed71d000 	C:\Program Files\Android\Android Studio\jre\jre\bin\management.dll
0x00007ff9ec290000 - 0x00007ff9ec2aa000 	C:\Program Files\Android\Android Studio\jre\jre\bin\net.dll
0x00007ff9f9d10000 - 0x00007ff9f9d76000 	C:\Windows\system32\mswsock.dll
0x00007ff9ec260000 - 0x00007ff9ec271000 	C:\Program Files\Android\Android Studio\jre\jre\bin\nio.dll
0x00007ff9f9ee0000 - 0x00007ff9f9ef7000 	C:\Windows\SYSTEM32\CRYPTSP.dll
0x00007ff9f9910000 - 0x00007ff9f9943000 	C:\Windows\system32\rsaenh.dll
0x00007ff9f9fe0000 - 0x00007ff9fa005000 	C:\Windows\SYSTEM32\bcrypt.dll
0x00007ff9fa410000 - 0x00007ff9fa439000 	C:\Windows\SYSTEM32\USERENV.dll
0x00007ff9f9ed0000 - 0x00007ff9f9edb000 	C:\Windows\SYSTEM32\CRYPTBASE.dll
0x00007ff9f9aa0000 - 0x00007ff9f9ad9000 	C:\Windows\SYSTEM32\IPHLPAPI.DLL
0x00007ff9fe030000 - 0x00007ff9fe038000 	C:\Windows\System32\NSI.dll
0x00007ff9f7de0000 - 0x00007ff9f7df6000 	C:\Windows\SYSTEM32\dhcpcsvc6.DLL
0x00007ff9f7dc0000 - 0x00007ff9f7dda000 	C:\Windows\SYSTEM32\dhcpcsvc.DLL

VM Arguments:
jvm_args: -Djava.awt.headless=true -Djava.rmi.server.hostname=127.0.0.1 -Xmx1536m -Dkotlin.environment.keepalive 
java_command: org.jetbrains.kotlin.daemon.KotlinCompileDaemon --daemon-runFilesPath C:\Users\vlsv__000\AppData\Local\kotlin\daemon --daemon-autoshutdownIdleSeconds=7200 --daemon-compilerClasspath C:\Users\vlsv__000\.gradle\caches\modules-2\files-2.1\org.jetbrains.kotlin\kotlin-compiler-embeddable\1.3.0\6e8167f9aab0f6cfec309c2722f72dc26572a782\kotlin-compiler-embeddable-1.3.0.jar;C:\Users\vlsv__000\.gradle\caches\modules-2\files-2.1\org.jetbrains.kotlin\kotlin-reflect\1.3.0\6fd129fd9ba8581f2cb9c58bfd431dda4ee0457e\kotlin-reflect-1.3.0.jar;C:\Users\vlsv__000\.gradle\caches\modules-2\files-2.1\org.jetbrains.kotlin\kotlin-stdlib\1.3.0\a134b0cfe9bb44f98b0b3e889cda07923eea9428\kotlin-stdlib-1.3.0.jar;C:\Users\vlsv__000\.gradle\caches\modules-2\files-2.1\org.jetbrains.kotlin\kotlin-script-runtime\1.3.0\c7173ea6208fa189fb56d679624fbc5e2026187f\kotlin-script-runtime-1.3.0.jar;C:\Users\vlsv__000\.gradle\caches\modules-2\files-2.1\org.jetbrains.kotlin\kotlin-stdlib-common\1.3.0\84a2e0288dc17cd64d692eb1e5e0de8cd5ff0846\kotlin-stdlib-common-1.3.0.jar;C:\Users\vlsv__000\.gradle\caches\modules-2\files-2.1\org.jetbrains\annotations\13.0\919f0dfe192fb4e063e7dacadee7f8bb9a2672a9\annotations-13.0.jar;C:\Program Files\Android\Android Studio\jre\lib\tools.jar
java_class_path (initial): C:\Users\vlsv__000\.gradle\caches\modules-2\files-2.1\org.jetbrains.kotlin\kotlin-compiler-embeddable\1.3.0\6e8167f9aab0f6cfec309c2722f72dc26572a782\kotlin-compiler-embeddable-1.3.0.jar;C:\Users\vlsv__000\.gradle\caches\modules-2\files-2.1\org.jetbrains.kotlin\kotlin-reflect\1.3.0\6fd129fd9ba8581f2cb9c58bfd431dda4ee0457e\kotlin-reflect-1.3.0.jar;C:\Users\vlsv__000\.gradle\caches\modules-2\files-2.1\org.jetbrains.kotlin\kotlin-stdlib\1.3.0\a134b0cfe9bb44f98b0b3e889cda07923eea9428\kotlin-stdlib-1.3.0.jar;C:\Users\vlsv__000\.gradle\caches\modules-2\files-2.1\org.jetbrains.kotlin\kotlin-script-runtime\1.3.0\c7173ea6208fa189fb56d679624fbc5e2026187f\kotlin-script-runtime-1.3.0.jar;C:\Users\vlsv__000\.gradle\caches\modules-2\files-2.1\org.jetbrains.kotlin\kotlin-stdlib-common\1.3.0\84a2e0288dc17cd64d692eb1e5e0de8cd5ff0846\kotlin-stdlib-common-1.3.0.jar;C:\Users\vlsv__000\.gradle\caches\modules-2\files-2.1\org.jetbrains\annotations\13.0\919f0dfe192fb4e063e7dacadee7f8bb9a2672a9\annotations-13.0.jar;C:\Program Files\Android\Android Studio\jre\lib\tools.jar
Launcher Type: SUN_STANDARD

Environment Variables:
PATH=C:\ProgramData\Oracle\Java\javapath;C:\Program Files (x86)\NVIDIA Corporation\PhysX\Common;C:\Program Files (x86)\Intel\iCLS Client\;C:\Program Files\Intel\iCLS Client\;C:\Windows\system32;C:\Windows;C:\Windows\System32\Wbem;C:\Windows\System32\WindowsPowerShell\v1.0\;C:\Program Files\Intel\Intel(R) Management Engine Components\DAL;C:\Program Files\Intel\Intel(R) Management Engine Components\IPT;C:\Program Files (x86)\Intel\Intel(R) Management Engine Components\DAL;C:\Program Files (x86)\Intel\Intel(R) Management Engine Components\IPT;C:\Program Files (x86)\Common Files\lenovo\easyplussdk\bin;C:\Program Files (x86)\OneScript\\bin;C:\Program Files (x86)\LM4\;C:\Program Files\LM4\;C:\Users\vlsv__000\AppData\Local\Microsoft\WindowsApps;C:\Users\vlsv__000\AppData\Local\Programs\Git\cmd
USERNAME=vlsv__000
OS=Windows_NT
PROCESSOR_IDENTIFIER=Intel64 Family 6 Model 60 Stepping 3, GenuineIntel



---------------  S Y S T E M  ---------------

OS: Windows 10.0 , 64 bit Build 16299 (10.0.16299.431)

CPU:total 4 (initial active 4) (2 cores per cpu, 2 threads per core) family 6 model 60 stepping 3, cmov, cx8, fxsr, mmx, sse, sse2, sse3, ssse3, sse4.1, sse4.2, popcnt, avx, avx2, aes, clmul, erms, lzcnt, ht, tsc, tscinvbit, bmi1, bmi2

Memory: 4k page, physical 8257456k(448076k free), swap 12353456k(4128k free)

vm_info: OpenJDK 64-Bit Server VM (25.152-b06) for windows-amd64 JRE (1.8.0_152-release-1136-b06), built by "builder" with MS VC++ 10.0 (VS2010)

time: Sat Nov 10 16:07:26 2018
elapsed time: 5 seconds (0d 0h 0m 5s)

