#
# There is insufficient memory for the Java Runtime Environment to continue.
# Native memory allocation (malloc) failed to allocate 492416 bytes for Chunk::new
# Possible reasons:
#   The system is out of physical RAM or swap space
#   In 32 bit mode, the process size limit was hit
# Possible solutions:
#   Reduce memory load on the system
#   Increase physical memory or swap space
#   Check if swap backing store is full
#   Use 64 bit Java on a 64 bit OS
#   Decrease Java heap size (-Xmx/-Xms)
#   Decrease number of Java threads
#   Decrease Java thread stack sizes (-Xss)
#   Set larger code cache with -XX:ReservedCodeCacheSize=
# This output file may be truncated or incomplete.
#
#  Out of Memory Error (allocation.cpp:390), pid=16416, tid=0x0000000000003300
#
# JRE version: OpenJDK Runtime Environment (8.0_152-b06) (build 1.8.0_152-release-1136-b06)
# Java VM: OpenJDK 64-Bit Server VM (25.152-b06 mixed mode windows-amd64 compressed oops)
# Failed to write core dump. Minidumps are not enabled by default on client versions of Windows
#

---------------  T H R E A D  ---------------

Current thread (0x0000000018d53000):  JavaThread "C2 CompilerThread1" daemon [_thread_in_native, id=13056, stack(0x000000001a5c0000,0x000000001a6c0000)]

Stack: [0x000000001a5c0000,0x000000001a6c0000]
[error occurred during error reporting (printing stack bounds), id 0xc0000005]

Native frames: (J=compiled Java code, j=interpreted, Vv=VM code, C=native code)


Current CompileTask:
C2:   7964 1909   !   4       java.net.URL::<init> (543 bytes)


---------------  P R O C E S S  ---------------

Java Threads: ( => current thread )
  0x000000001ae1d800 JavaThread "RMI RenewClean-[127.0.0.1:58995,org.jetbrains.kotlin.daemon.common.LoopbackNetworkInterface$ClientLoopbackSocketFactory@9f2b1b5]" daemon [_thread_blocked, id=14424, stack(0x000000001c440000,0x000000001c540000)]
  0x000000001afdb800 JavaThread "RMI TCP Connection(2)-127.0.0.1" daemon [_thread_in_vm, id=4300, stack(0x000000001c340000,0x000000001c440000)]
  0x0000000018d6a800 JavaThread "RMI Scheduler(0)" daemon [_thread_blocked, id=5204, stack(0x000000001c240000,0x000000001c340000)]
  0x000000001abbe000 JavaThread "RMI TCP Connection(1)-127.0.0.1" daemon [_thread_in_native, id=192, stack(0x000000001c140000,0x000000001c240000)]
  0x00000000052e2800 JavaThread "DestroyJavaVM" [_thread_blocked, id=17080, stack(0x0000000005130000,0x0000000005230000)]
  0x000000001afc7000 JavaThread "GC Daemon" daemon [_thread_blocked, id=17372, stack(0x000000001bd00000,0x000000001be00000)]
  0x000000001afc9000 JavaThread "RMI Reaper" [_thread_blocked, id=12644, stack(0x000000001bc00000,0x000000001bd00000)]
  0x000000001af45000 JavaThread "Timer-0" daemon [_thread_blocked, id=16964, stack(0x000000001ba00000,0x000000001bb00000)]
  0x000000001adfb800 JavaThread "RMI TCP Accept-17828" daemon [_thread_in_native, id=16644, stack(0x000000001b900000,0x000000001ba00000)]
  0x000000001a7e0800 JavaThread "Service Thread" daemon [_thread_blocked, id=1524, stack(0x000000001abc0000,0x000000001acc0000)]
  0x0000000018d56000 JavaThread "C1 CompilerThread2" daemon [_thread_blocked, id=8020, stack(0x000000001a6c0000,0x000000001a7c0000)]
=>0x0000000018d53000 JavaThread "C2 CompilerThread1" daemon [_thread_in_native, id=13056, stack(0x000000001a5c0000,0x000000001a6c0000)]
  0x0000000018d4f000 JavaThread "C2 CompilerThread0" daemon [_thread_in_native, id=14404, stack(0x000000001a4c0000,0x000000001a5c0000)]
  0x0000000018d4e000 JavaThread "Attach Listener" daemon [_thread_blocked, id=7976, stack(0x000000001a3c0000,0x000000001a4c0000)]
  0x0000000018d4c800 JavaThread "Signal Dispatcher" daemon [_thread_blocked, id=15072, stack(0x000000001a2c0000,0x000000001a3c0000)]
  0x0000000018d3e000 JavaThread "Finalizer" daemon [_thread_blocked, id=11052, stack(0x0000000019fc0000,0x000000001a0c0000)]
  0x00000000053d5800 JavaThread "Reference Handler" daemon [_thread_blocked, id=12712, stack(0x0000000019ec0000,0x0000000019fc0000)]

Other Threads:
  0x0000000018d15800 VMThread [stack: 0x0000000019dc0000,0x0000000019ec0000] [id=13836]
  0x0000000018dad000 WatcherThread [stack: 0x000000001acc0000,0x000000001adc0000] [id=6400]

VM state:not at safepoint (normal execution)

VM Mutex/Monitor currently owned by a thread: None

Heap:
 PSYoungGen      total 61952K, used 11835K [0x00000000e0000000, 0x00000000e4a00000, 0x0000000100000000)
  eden space 56832K, 11% used [0x00000000e0000000,0x00000000e0695b60,0x00000000e3780000)
  from space 5120K, 99% used [0x00000000e4500000,0x00000000e49f9260,0x00000000e4a00000)
  to   space 5120K, 0% used [0x00000000e4000000,0x00000000e4000000,0x00000000e4500000)
 ParOldGen       total 61952K, used 14012K [0x00000000a0000000, 0x00000000a3c80000, 0x00000000e0000000)
  object space 61952K, 22% used [0x00000000a0000000,0x00000000a0daf328,0x00000000a3c80000)
 Metaspace       used 26440K, capacity 26976K, committed 27440K, reserved 1073152K
  class space    used 3376K, capacity 3540K, committed 3632K, reserved 1048576K

Card table byte_map: [0x00000000147a0000,0x0000000014ab0000] byte_map_base: 0x00000000142a0000

Marking Bits: (ParMarkBitMap*) 0x0000000053925aa0
 Begin Bits: [0x00000000150b0000, 0x00000000168b0000)
 End Bits:   [0x00000000168b0000, 0x00000000180b0000)

Polling page: 0x00000000037e0000

CodeCache: size=245760Kb used=5621Kb max_used=5632Kb free=240138Kb
 bounds [0x00000000053e0000, 0x0000000005970000, 0x00000000143e0000]
 total_blobs=2352 nmethods=1902 adapters=363
 compilation: enabled

Compilation events (10 events):
Event: 7.903 Thread 0x0000000018d53000 nmethod 1883 0x00000000059631d0 code [0x0000000005963300, 0x0000000005963398]
Event: 7.903 Thread 0x0000000018d53000 1884       4       org.jetbrains.kotlin.gnu.trove.TObjectHash::computeHashCode (13 bytes)
Event: 7.905 Thread 0x0000000018d53000 nmethod 1884 0x000000000595d010 code [0x000000000595d160, 0x000000000595d2c8]
Event: 7.905 Thread 0x0000000018d53000 1878       4       org.jetbrains.kotlin.com.intellij.util.SmartList::add (149 bytes)
Event: 7.908 Thread 0x0000000018d53000 nmethod 1878 0x000000000595c910 code [0x000000000595ca60, 0x000000000595ce18]
Event: 7.910 Thread 0x0000000018d56000 1907       1       org.jetbrains.kotlin.com.intellij.psi.tree.IElementType::getIndex (5 bytes)
Event: 7.910 Thread 0x0000000018d56000 nmethod 1907 0x0000000005964690 code [0x00000000059647e0, 0x00000000059648f0]
Event: 7.916 Thread 0x0000000018d53000 1908       4       java.lang.ClassLoader::getClassLoadingLock (35 bytes)
Event: 7.917 Thread 0x0000000018d53000 nmethod 1908 0x0000000005964310 code [0x0000000005964460, 0x0000000005964588]
Event: 7.923 Thread 0x0000000018d53000 1909   !   4       java.net.URL::<init> (543 bytes)

GC Heap History (10 events):
Event: 0.458 GC heap before
{Heap before GC invocations=2 (full 1):
 PSYoungGen      total 37888K, used 2890K [0x00000000e0000000, 0x00000000e2a00000, 0x0000000100000000)
  eden space 32768K, 0% used [0x00000000e0000000,0x00000000e0000000,0x00000000e2000000)
  from space 5120K, 56% used [0x00000000e2000000,0x00000000e22d2800,0x00000000e2500000)
  to   space 5120K, 0% used [0x00000000e2500000,0x00000000e2500000,0x00000000e2a00000)
 ParOldGen       total 86016K, used 8K [0x00000000a0000000, 0x00000000a5400000, 0x00000000e0000000)
  object space 86016K, 0% used [0x00000000a0000000,0x00000000a0002000,0x00000000a5400000)
 Metaspace       used 9006K, capacity 9174K, committed 9216K, reserved 1056768K
  class space    used 958K, capacity 1023K, committed 1024K, reserved 1048576K
Event: 0.468 GC heap after
Heap after GC invocations=2 (full 1):
 PSYoungGen      total 37888K, used 0K [0x00000000e0000000, 0x00000000e2a00000, 0x0000000100000000)
  eden space 32768K, 0% used [0x00000000e0000000,0x00000000e0000000,0x00000000e2000000)
  from space 5120K, 0% used [0x00000000e2000000,0x00000000e2000000,0x00000000e2500000)
  to   space 5120K, 0% used [0x00000000e2500000,0x00000000e2500000,0x00000000e2a00000)
 ParOldGen       total 86016K, used 2693K [0x00000000a0000000, 0x00000000a5400000, 0x00000000e0000000)
  object space 86016K, 3% used [0x00000000a0000000,0x00000000a02a14a0,0x00000000a5400000)
 Metaspace       used 9006K, capacity 9174K, committed 9216K, reserved 1056768K
  class space    used 958K, capacity 1023K, committed 1024K, reserved 1048576K
}
Event: 6.934 GC heap before
{Heap before GC invocations=3 (full 1):
 PSYoungGen      total 37888K, used 32768K [0x00000000e0000000, 0x00000000e2a00000, 0x0000000100000000)
  eden space 32768K, 100% used [0x00000000e0000000,0x00000000e2000000,0x00000000e2000000)
  from space 5120K, 0% used [0x00000000e2000000,0x00000000e2000000,0x00000000e2500000)
  to   space 5120K, 0% used [0x00000000e2500000,0x00000000e2500000,0x00000000e2a00000)
 ParOldGen       total 86016K, used 2693K [0x00000000a0000000, 0x00000000a5400000, 0x00000000e0000000)
  object space 86016K, 3% used [0x00000000a0000000,0x00000000a02a14a0,0x00000000a5400000)
 Metaspace       used 14064K, capacity 14290K, committed 14592K, reserved 1062912K
  class space    used 1618K, capacity 1697K, committed 1792K, reserved 1048576K
Event: 6.940 GC heap after
Heap after GC invocations=3 (full 1):
 PSYoungGen      total 37888K, used 5097K [0x00000000e0000000, 0x00000000e2a00000, 0x0000000100000000)
  eden space 32768K, 0% used [0x00000000e0000000,0x00000000e0000000,0x00000000e2000000)
  from space 5120K, 99% used [0x00000000e2500000,0x00000000e29fa758,0x00000000e2a00000)
  to   space 5120K, 0% used [0x00000000e2000000,0x00000000e2000000,0x00000000e2500000)
 ParOldGen       total 86016K, used 4915K [0x00000000a0000000, 0x00000000a5400000, 0x00000000e0000000)
  object space 86016K, 5% used [0x00000000a0000000,0x00000000a04cced8,0x00000000a5400000)
 Metaspace       used 14064K, capacity 14290K, committed 14592K, reserved 1062912K
  class space    used 1618K, capacity 1697K, committed 1792K, reserved 1048576K
}
Event: 7.386 GC heap before
{Heap before GC invocations=4 (full 1):
 PSYoungGen      total 37888K, used 37865K [0x00000000e0000000, 0x00000000e2a00000, 0x0000000100000000)
  eden space 32768K, 100% used [0x00000000e0000000,0x00000000e2000000,0x00000000e2000000)
  from space 5120K, 99% used [0x00000000e2500000,0x00000000e29fa758,0x00000000e2a00000)
  to   space 5120K, 0% used [0x00000000e2000000,0x00000000e2000000,0x00000000e2500000)
 ParOldGen       total 86016K, used 4915K [0x00000000a0000000, 0x00000000a5400000, 0x00000000e0000000)
  object space 86016K, 5% used [0x00000000a0000000,0x00000000a04cced8,0x00000000a5400000)
 Metaspace       used 20803K, capacity 21134K, committed 21296K, reserved 1069056K
  class space    used 2495K, capacity 2577K, committed 2608K, reserved 1048576K
Event: 7.395 GC heap after
Heap after GC invocations=4 (full 1):
 PSYoungGen      total 37888K, used 5111K [0x00000000e0000000, 0x00000000e4a00000, 0x0000000100000000)
  eden space 32768K, 0% used [0x00000000e0000000,0x00000000e0000000,0x00000000e2000000)
  from space 5120K, 99% used [0x00000000e2000000,0x00000000e24fdf70,0x00000000e2500000)
  to   space 5120K, 0% used [0x00000000e4500000,0x00000000e4500000,0x00000000e4a00000)
 ParOldGen       total 86016K, used 10265K [0x00000000a0000000, 0x00000000a5400000, 0x00000000e0000000)
  object space 86016K, 11% used [0x00000000a0000000,0x00000000a0a065d0,0x00000000a5400000)
 Metaspace       used 20803K, capacity 21134K, committed 21296K, reserved 1069056K
  class space    used 2495K, capacity 2577K, committed 2608K, reserved 1048576K
}
Event: 7.395 GC heap before
{Heap before GC invocations=5 (full 2):
 PSYoungGen      total 37888K, used 5111K [0x00000000e0000000, 0x00000000e4a00000, 0x0000000100000000)
  eden space 32768K, 0% used [0x00000000e0000000,0x00000000e0000000,0x00000000e2000000)
  from space 5120K, 99% used [0x00000000e2000000,0x00000000e24fdf70,0x00000000e2500000)
  to   space 5120K, 0% used [0x00000000e4500000,0x00000000e4500000,0x00000000e4a00000)
 ParOldGen       total 86016K, used 10265K [0x00000000a0000000, 0x00000000a5400000, 0x00000000e0000000)
  object space 86016K, 11% used [0x00000000a0000000,0x00000000a0a065d0,0x00000000a5400000)
 Metaspace       used 20803K, capacity 21134K, committed 21296K, reserved 1069056K
  class space    used 2495K, capacity 2577K, committed 2608K, reserved 1048576K
Event: 7.432 GC heap after
Heap after GC invocations=5 (full 2):
 PSYoungGen      total 37888K, used 0K [0x00000000e0000000, 0x00000000e4a00000, 0x0000000100000000)
  eden space 32768K, 0% used [0x00000000e0000000,0x00000000e0000000,0x00000000e2000000)
  from space 5120K, 0% used [0x00000000e2000000,0x00000000e2000000,0x00000000e2500000)
  to   space 5120K, 0% used [0x00000000e4500000,0x00000000e4500000,0x00000000e4a00000)
 ParOldGen       total 61952K, used 11401K [0x00000000a0000000, 0x00000000a3c80000, 0x00000000e0000000)
  object space 61952K, 18% used [0x00000000a0000000,0x00000000a0b22498,0x00000000a3c80000)
 Metaspace       used 20803K, capacity 21134K, committed 21296K, reserved 1069056K
  class space    used 2495K, capacity 2577K, committed 2608K, reserved 1048576K
}
Event: 7.854 GC heap before
{Heap before GC invocations=6 (full 2):
 PSYoungGen      total 37888K, used 32768K [0x00000000e0000000, 0x00000000e4a00000, 0x0000000100000000)
  eden space 32768K, 100% used [0x00000000e0000000,0x00000000e2000000,0x00000000e2000000)
  from space 5120K, 0% used [0x00000000e2000000,0x00000000e2000000,0x00000000e2500000)
  to   space 5120K, 0% used [0x00000000e4500000,0x00000000e4500000,0x00000000e4a00000)
 ParOldGen       total 61952K, used 11401K [0x00000000a0000000, 0x00000000a3c80000, 0x00000000e0000000)
  object space 61952K, 18% used [0x00000000a0000000,0x00000000a0b22498,0x00000000a3c80000)
 Metaspace       used 25594K, capacity 26110K, committed 26544K, reserved 1073152K
  class space    used 3263K, capacity 3443K, committed 3504K, reserved 1048576K
Event: 7.864 GC heap after
Heap after GC invocations=6 (full 2):
 PSYoungGen      total 61952K, used 5092K [0x00000000e0000000, 0x00000000e4a00000, 0x0000000100000000)
  eden space 56832K, 0% used [0x00000000e0000000,0x00000000e0000000,0x00000000e3780000)
  from space 5120K, 99% used [0x00000000e4500000,0x00000000e49f9260,0x00000000e4a00000)
  to   space 5120K, 0% used [0x00000000e4000000,0x00000000e4000000,0x00000000e4500000)
 ParOldGen       total 61952K, used 14012K [0x00000000a0000000, 0x00000000a3c80000, 0x00000000e0000000)
  object space 61952K, 22% used [0x00000000a0000000,0x00000000a0daf328,0x00000000a3c80000)
 Metaspace       used 25594K, capacity 26110K, committed 26544K, reserved 1073152K
  class space    used 3263K, capacity 3443K, committed 3504K, reserved 1048576K
}

Deoptimization events (10 events):
Event: 7.639 Thread 0x000000001afdb800 Uncommon trap: reason=class_check action=maybe_recompile pc=0x00000000057957ec method=java.util.Collections$UnmodifiableList.get(I)Ljava/lang/Object; @ 5
Event: 7.640 Thread 0x000000001afdb800 Uncommon trap: reason=bimorphic action=maybe_recompile pc=0x00000000056378a8 method=java.io.FilterInputStream.read([B)I @ 5
Event: 7.640 Thread 0x000000001afdb800 Uncommon trap: reason=bimorphic action=maybe_recompile pc=0x00000000056378a8 method=java.io.FilterInputStream.read([B)I @ 5
Event: 7.640 Thread 0x000000001afdb800 Uncommon trap: reason=bimorphic action=maybe_recompile pc=0x00000000056378a8 method=java.io.FilterInputStream.read([B)I @ 5
Event: 7.640 Thread 0x000000001afdb800 Uncommon trap: reason=class_check action=maybe_recompile pc=0x00000000057c5e00 method=java.util.Collections$UnmodifiableCollection.size()I @ 4
Event: 7.640 Thread 0x000000001afdb800 Uncommon trap: reason=class_check action=maybe_recompile pc=0x00000000057957ec method=java.util.Collections$UnmodifiableList.get(I)Ljava/lang/Object; @ 5
Event: 7.640 Thread 0x000000001afdb800 Uncommon trap: reason=class_check action=maybe_recompile pc=0x00000000057957ec method=java.util.Collections$UnmodifiableList.get(I)Ljava/lang/Object; @ 5
Event: 7.641 Thread 0x000000001afdb800 Uncommon trap: reason=unstable_if action=reinterpret pc=0x0000000005566348 method=java.lang.String.startsWith(Ljava/lang/String;I)Z @ 25
Event: 7.752 Thread 0x000000001afdb800 Uncommon trap: reason=unstable_if action=reinterpret pc=0x00000000058f16f4 method=java.lang.ref.SoftReference.get()Ljava/lang/Object; @ 6
Event: 7.882 Thread 0x000000001afdb800 Uncommon trap: reason=bimorphic action=maybe_recompile pc=0x00000000056378a8 method=java.io.FilterInputStream.read([B)I @ 5

Classes redefined (0 events):
No events

Internal exceptions (10 events):
Event: 6.565 Thread 0x000000001afdb800 Exception <a 'java/lang/NoSuchMethodError': <clinit>> (0x00000000e0526588) thrown at [D:\src\AOSP-openjdk-cygwin\jdk8u\hotspot\src\share\vm\prims\jni.cpp, line 1613]
Event: 6.596 Thread 0x000000001afdb800 Exception <a 'java/lang/NoSuchMethodError': <clinit>> (0x00000000e06d87e8) thrown at [D:\src\AOSP-openjdk-cygwin\jdk8u\hotspot\src\share\vm\prims\jni.cpp, line 1613]
Event: 6.598 Thread 0x000000001ae1d800 Exception <a 'java/lang/InterruptedException'> (0x00000000e06fa880) thrown at [D:\src\AOSP-openjdk-cygwin\jdk8u\hotspot\src\share\vm\runtime\objectMonitor.cpp, line 1684]
Event: 6.863 Thread 0x000000001afdb800 Exception <a 'java/lang/ArrayIndexOutOfBoundsException'> (0x00000000e1b24a08) thrown at [D:\src\AOSP-openjdk-cygwin\jdk8u\hotspot\src\share\vm\runtime\sharedRuntime.cpp, line 605]
Event: 6.960 Thread 0x000000001afdb800 Exception <a 'java/lang/ArrayIndexOutOfBoundsException'> (0x00000000e0140988) thrown at [D:\src\AOSP-openjdk-cygwin\jdk8u\hotspot\src\share\vm\runtime\sharedRuntime.cpp, line 605]
Event: 7.288 Thread 0x000000001afdb800 Implicit null exception at 0x000000000584456f to 0x00000000058445d9
Event: 7.341 Thread 0x000000001afdb800 Exception <a 'java/lang/NoSuchMethodError': java.lang.Object.lambda$comparing$77a9974f$1(Ljava/util/function/Function;Ljava/lang/Object;Ljava/lang/Object;)I> (0x00000000e1ca3848) thrown at [D:\src\AOSP-openjdk-cygwin\jdk8u\hotspot\src\share\vm\interpreter
Event: 7.477 Thread 0x000000001afdb800 Exception <a 'java/lang/ArrayIndexOutOfBoundsException': 67> (0x00000000e023b738) thrown at [D:\src\AOSP-openjdk-cygwin\jdk8u\hotspot\src\share\vm\interpreter\interpreterRuntime.cpp, line 366]
Event: 7.594 Thread 0x000000001afdb800 Exception <a 'java/lang/NoSuchMethodError': java.lang.Object.lambda$static$0(I)[Lorg/jetbrains/kotlin/com/intellij/openapi/editor/event/DocumentListener;> (0x00000000e0aee3e0) thrown at [D:\src\AOSP-openjdk-cygwin\jdk8u\hotspot\src\share\vm\interpreter\li
Event: 7.628 Thread 0x000000001afdb800 Exception <a 'java/lang/NoSuchMethodError': java.lang.Object.lambda$static$0(I)[Lorg/jetbrains/kotlin/com/intellij/psi/PsiAnnotation;> (0x00000000e0cd4b48) thrown at [D:\src\AOSP-openjdk-cygwin\jdk8u\hotspot\src\share\vm\interpreter\linkResolver.cpp, line

Events (10 events):
Event: 7.960 loading class org/jetbrains/kotlin/builtins/jvm/JvmBuiltInClassDescriptorFactory$Companion
Event: 7.960 loading class org/jetbrains/kotlin/builtins/jvm/JvmBuiltInClassDescriptorFactory$Companion done
Event: 7.960 loading class org/jetbrains/kotlin/builtins/jvm/JvmBuiltInClassDescriptorFactory$1
Event: 7.960 loading class org/jetbrains/kotlin/builtins/jvm/JvmBuiltInClassDescriptorFactory$1 done
Event: 7.960 loading class org/jetbrains/kotlin/builtins/jvm/JvmBuiltInClassDescriptorFactory$cloneable$2
Event: 7.960 loading class org/jetbrains/kotlin/builtins/jvm/JvmBuiltInClassDescriptorFactory$cloneable$2 done
Event: 7.961 loading class org/jetbrains/kotlin/storage/StorageKt
Event: 7.961 loading class org/jetbrains/kotlin/storage/StorageKt done
Event: 7.961 loading class org/jetbrains/kotlin/builtins/jvm/JvmBuiltInsSettings
Event: 7.961 loading class org/jetbrains/kotlin/builtins/jvm/JvmBuiltInsSettings done


Dynamic libraries:
0x00007ff6f4860000 - 0x00007ff6f4891000 	C:\Program Files\Android\Android Studio\jre\jre\bin\java.exe
0x00007ff9fe190000 - 0x00007ff9fe370000 	C:\Windows\SYSTEM32\ntdll.dll
0x00007ff9fda70000 - 0x00007ff9fdb1e000 	C:\Windows\System32\KERNEL32.DLL
0x00007ff9fa590000 - 0x00007ff9fa7f6000 	C:\Windows\System32\KERNELBASE.dll
0x00007ff9fbca0000 - 0x00007ff9fbd41000 	C:\Windows\System32\ADVAPI32.dll
0x00007ff9fc110000 - 0x00007ff9fc1ad000 	C:\Windows\System32\msvcrt.dll
0x00007ff9fdf70000 - 0x00007ff9fdfcb000 	C:\Windows\System32\sechost.dll
0x00007ff9fbad0000 - 0x00007ff9fbbef000 	C:\Windows\System32\RPCRT4.dll
0x00007ff9fbdb0000 - 0x00007ff9fbf3f000 	C:\Windows\System32\USER32.dll
0x00007ff9fab20000 - 0x00007ff9fab40000 	C:\Windows\System32\win32u.dll
0x00007ff9fd8e0000 - 0x00007ff9fd908000 	C:\Windows\System32\GDI32.dll
0x00007ff9fab40000 - 0x00007ff9facd3000 	C:\Windows\System32\gdi32full.dll
0x00007ff9fb430000 - 0x00007ff9fb4cb000 	C:\Windows\System32\msvcp_win.dll
0x00007ff9fa9d0000 - 0x00007ff9faac5000 	C:\Windows\System32\ucrtbase.dll
0x00007ff9eb480000 - 0x00007ff9eb6e9000 	C:\Windows\WinSxS\amd64_microsoft.windows.common-controls_6595b64144ccf1df_6.0.16299.665_none_15cbd8769361ff10\COMCTL32.dll
0x00007ff9fb790000 - 0x00007ff9fba97000 	C:\Windows\System32\combase.dll
0x00007ff9fb530000 - 0x00007ff9fb5a2000 	C:\Windows\System32\bcryptPrimitives.dll
0x00007ff9fbaa0000 - 0x00007ff9fbacd000 	C:\Windows\System32\IMM32.DLL
0x0000000053080000 - 0x0000000053152000 	C:\Program Files\Android\Android Studio\jre\jre\bin\msvcr100.dll
0x0000000053160000 - 0x00000000539a1000 	C:\Program Files\Android\Android Studio\jre\jre\bin\server\jvm.dll
0x00007ff9fb780000 - 0x00007ff9fb788000 	C:\Windows\System32\PSAPI.DLL
0x00007ff9f70f0000 - 0x00007ff9f7113000 	C:\Windows\SYSTEM32\WINMM.dll
0x00007ff9f2300000 - 0x00007ff9f230a000 	C:\Windows\SYSTEM32\VERSION.dll
0x00007ff9f7140000 - 0x00007ff9f7149000 	C:\Windows\SYSTEM32\WSOCK32.dll
0x00007ff9fd9e0000 - 0x00007ff9fda4c000 	C:\Windows\System32\WS2_32.dll
0x00007ff9f7090000 - 0x00007ff9f70ba000 	C:\Windows\SYSTEM32\winmmbase.dll
0x00007ff9faad0000 - 0x00007ff9fab1a000 	C:\Windows\System32\cfgmgr32.dll
0x00007ff9ed700000 - 0x00007ff9ed70f000 	C:\Program Files\Android\Android Studio\jre\jre\bin\verify.dll
0x00007ff9ec330000 - 0x00007ff9ec359000 	C:\Program Files\Android\Android Studio\jre\jre\bin\java.dll
0x00007ff9ec400000 - 0x00007ff9ec416000 	C:\Program Files\Android\Android Studio\jre\jre\bin\zip.dll
0x00007ff9fc1b0000 - 0x00007ff9fd5e8000 	C:\Windows\System32\SHELL32.dll
0x00007ff9fbbf0000 - 0x00007ff9fbc96000 	C:\Windows\System32\shcore.dll
0x00007ff9face0000 - 0x00007ff9fb427000 	C:\Windows\System32\windows.storage.dll
0x00007ff9fbf40000 - 0x00007ff9fbf91000 	C:\Windows\System32\shlwapi.dll
0x00007ff9fa4e0000 - 0x00007ff9fa4f1000 	C:\Windows\System32\kernel.appcore.dll
0x00007ff9fa540000 - 0x00007ff9fa58c000 	C:\Windows\System32\powrprof.dll
0x00007ff9fa500000 - 0x00007ff9fa51b000 	C:\Windows\System32\profapi.dll
0x00007ff9ed710000 - 0x00007ff9ed71d000 	C:\Program Files\Android\Android Studio\jre\jre\bin\management.dll
0x00007ff9ec290000 - 0x00007ff9ec2aa000 	C:\Program Files\Android\Android Studio\jre\jre\bin\net.dll
0x00007ff9f9d10000 - 0x00007ff9f9d76000 	C:\Windows\system32\mswsock.dll
0x00007ff9ec260000 - 0x00007ff9ec271000 	C:\Program Files\Android\Android Studio\jre\jre\bin\nio.dll
0x00007ff9f9ee0000 - 0x00007ff9f9ef7000 	C:\Windows\SYSTEM32\CRYPTSP.dll
0x00007ff9f9910000 - 0x00007ff9f9943000 	C:\Windows\system32\rsaenh.dll
0x00007ff9f9fe0000 - 0x00007ff9fa005000 	C:\Windows\SYSTEM32\bcrypt.dll
0x00007ff9fa410000 - 0x00007ff9fa439000 	C:\Windows\SYSTEM32\USERENV.dll
0x00007ff9f9ed0000 - 0x00007ff9f9edb000 	C:\Windows\SYSTEM32\CRYPTBASE.dll
0x00007ff9f9aa0000 - 0x00007ff9f9ad9000 	C:\Windows\SYSTEM32\IPHLPAPI.DLL
0x00007ff9fe030000 - 0x00007ff9fe038000 	C:\Windows\System32\NSI.dll
0x00007ff9f7de0000 - 0x00007ff9f7df6000 	C:\Windows\SYSTEM32\dhcpcsvc6.DLL
0x00007ff9f7dc0000 - 0x00007ff9f7dda000 	C:\Windows\SYSTEM32\dhcpcsvc.DLL

VM Arguments:
jvm_args: -Djava.awt.headless=true -Djava.rmi.server.hostname=127.0.0.1 -Xmx1536m -Dkotlin.environment.keepalive 
java_command: org.jetbrains.kotlin.daemon.KotlinCompileDaemon --daemon-runFilesPath C:\Users\vlsv__000\AppData\Local\kotlin\daemon --daemon-autoshutdownIdleSeconds=7200 --daemon-compilerClasspath C:\Users\vlsv__000\.gradle\caches\modules-2\files-2.1\org.jetbrains.kotlin\kotlin-compiler-embeddable\1.3.0\6e8167f9aab0f6cfec309c2722f72dc26572a782\kotlin-compiler-embeddable-1.3.0.jar;C:\Users\vlsv__000\.gradle\caches\modules-2\files-2.1\org.jetbrains.kotlin\kotlin-reflect\1.3.0\6fd129fd9ba8581f2cb9c58bfd431dda4ee0457e\kotlin-reflect-1.3.0.jar;C:\Users\vlsv__000\.gradle\caches\modules-2\files-2.1\org.jetbrains.kotlin\kotlin-stdlib\1.3.0\a134b0cfe9bb44f98b0b3e889cda07923eea9428\kotlin-stdlib-1.3.0.jar;C:\Users\vlsv__000\.gradle\caches\modules-2\files-2.1\org.jetbrains.kotlin\kotlin-script-runtime\1.3.0\c7173ea6208fa189fb56d679624fbc5e2026187f\kotlin-script-runtime-1.3.0.jar;C:\Users\vlsv__000\.gradle\caches\modules-2\files-2.1\org.jetbrains.kotlin\kotlin-stdlib-common\1.3.0\84a2e0288dc17cd64d692eb1e5e0de8cd5ff0846\kotlin-stdlib-common-1.3.0.jar;C:\Users\vlsv__000\.gradle\caches\modules-2\files-2.1\org.jetbrains\annotations\13.0\919f0dfe192fb4e063e7dacadee7f8bb9a2672a9\annotations-13.0.jar;C:\Program Files\Android\Android Studio\jre\lib\tools.jar
java_class_path (initial): C:\Users\vlsv__000\.gradle\caches\modules-2\files-2.1\org.jetbrains.kotlin\kotlin-compiler-embeddable\1.3.0\6e8167f9aab0f6cfec309c2722f72dc26572a782\kotlin-compiler-embeddable-1.3.0.jar;C:\Users\vlsv__000\.gradle\caches\modules-2\files-2.1\org.jetbrains.kotlin\kotlin-reflect\1.3.0\6fd129fd9ba8581f2cb9c58bfd431dda4ee0457e\kotlin-reflect-1.3.0.jar;C:\Users\vlsv__000\.gradle\caches\modules-2\files-2.1\org.jetbrains.kotlin\kotlin-stdlib\1.3.0\a134b0cfe9bb44f98b0b3e889cda07923eea9428\kotlin-stdlib-1.3.0.jar;C:\Users\vlsv__000\.gradle\caches\modules-2\files-2.1\org.jetbrains.kotlin\kotlin-script-runtime\1.3.0\c7173ea6208fa189fb56d679624fbc5e2026187f\kotlin-script-runtime-1.3.0.jar;C:\Users\vlsv__000\.gradle\caches\modules-2\files-2.1\org.jetbrains.kotlin\kotlin-stdlib-common\1.3.0\84a2e0288dc17cd64d692eb1e5e0de8cd5ff0846\kotlin-stdlib-common-1.3.0.jar;C:\Users\vlsv__000\.gradle\caches\modules-2\files-2.1\org.jetbrains\annotations\13.0\919f0dfe192fb4e063e7dacadee7f8bb9a2672a9\annotations-13.0.jar;C:\Program Files\Android\Android Studio\jre\lib\tools.jar
Launcher Type: SUN_STANDARD

Environment Variables:
PATH=C:\ProgramData\Oracle\Java\javapath;C:\Program Files (x86)\NVIDIA Corporation\PhysX\Common;C:\Program Files (x86)\Intel\iCLS Client\;C:\Program Files\Intel\iCLS Client\;C:\Windows\system32;C:\Windows;C:\Windows\System32\Wbem;C:\Windows\System32\WindowsPowerShell\v1.0\;C:\Program Files\Intel\Intel(R) Management Engine Components\DAL;C:\Program Files\Intel\Intel(R) Management Engine Components\IPT;C:\Program Files (x86)\Intel\Intel(R) Management Engine Components\DAL;C:\Program Files (x86)\Intel\Intel(R) Management Engine Components\IPT;C:\Program Files (x86)\Common Files\lenovo\easyplussdk\bin;C:\Program Files (x86)\OneScript\\bin;C:\Program Files (x86)\LM4\;C:\Program Files\LM4\;C:\Users\vlsv__000\AppData\Local\Microsoft\WindowsApps;C:\Users\vlsv__000\AppData\Local\Programs\Git\cmd
USERNAME=vlsv__000
OS=Windows_NT
PROCESSOR_IDENTIFIER=Intel64 Family 6 Model 60 Stepping 3, GenuineIntel



---------------  S Y S T E M  ---------------

OS: Windows 10.0 , 64 bit Build 16299 (10.0.16299.431)

CPU:total 4 (initial active 4) (2 cores per cpu, 2 threads per core) family 6 model 60 stepping 3, cmov, cx8, fxsr, mmx, sse, sse2, sse3, ssse3, sse4.1, sse4.2, popcnt, avx, avx2, aes, clmul, erms, lzcnt, ht, tsc, tscinvbit, bmi1, bmi2

Memory: 4k page, physical 8257456k(506640k free), swap 12353456k(4328k free)

vm_info: OpenJDK 64-Bit Server VM (25.152-b06) for windows-amd64 JRE (1.8.0_152-release-1136-b06), built by "builder" with MS VC++ 10.0 (VS2010)

time: Sat Nov 10 16:08:09 2018
elapsed time: 7 seconds (0d 0h 0m 7s)

